1.2	1	0.0
0.1851851851851852	0.2665348999126089	0.21853495749672308	0.18452831737633332
-----------------------------------------------------------
1.2	10	0.0
0.1851851851851852	0.26688721861786874	0.2186532891082663	0.18506635382548095
-----------------------------------------------------------
1.2	50	0.0
0.18419753086419755	0.26612531385596405	0.21770881174456003	0.1845121700120379
-----------------------------------------------------------
1.2	100	0.0
0.18320987654320986	0.26474259780658127	0.21655627075294456	0.1840869299571682
-----------------------------------------------------------
1.2	500	0.0
0.1837037037037037	0.2658537089176924	0.21727285370189914	0.1843338435374151
-----------------------------------------------------------
1.2	1000	0.0
0.1837037037037037	0.2658537089176924	0.21727285370189914	0.1843338435374151
-----------------------------------------------------------
1.2	1	0.1
0.1901234567901235	0.2725863762140852	0.2240067550898301	0.19434969765684057
-----------------------------------------------------------
1.2	10	0.1
0.19012345679012346	0.27200395065126753	0.2238098434572841	0.1935048808823942
-----------------------------------------------------------
1.2	50	0.1
0.18962962962962962	0.27117963916028937	0.22318862930904335	0.1933265544077714
-----------------------------------------------------------
1.2	100	0.1
0.18962962962962962	0.27117963916028937	0.22318862930904335	0.1933265544077714
-----------------------------------------------------------
1.2	500	0.1
0.18962962962962962	0.27117963916028937	0.22318862930904335	0.19316194535427345
-----------------------------------------------------------
1.2	1000	0.1
0.18962962962962962	0.27117963916028937	0.22318862930904335	0.19316194535427345
-----------------------------------------------------------
1.2	1	0.2
0.19407407407407404	0.27560460489898053	0.22776298308141527	0.20099154978863984
-----------------------------------------------------------
1.2	10	0.2
0.19555555555555548	0.27857326586764153	0.22979640683369268	0.20055239634948646
-----------------------------------------------------------
1.2	50	0.2
0.19358024691358017	0.27342293907025583	0.22667631247761513	0.1987554141821339
-----------------------------------------------------------
1.2	100	0.2
0.19358024691358017	0.27342293907025583	0.22667631247761513	0.19872454998460304
-----------------------------------------------------------
1.2	500	0.2
0.19358024691358017	0.27342293907025583	0.22667631247761513	0.19869711514235336
-----------------------------------------------------------
1.2	1000	0.2
0.19358024691358017	0.27342293907025583	0.22667631247761513	0.19869711514235336
-----------------------------------------------------------
1.2	1	0.30000000000000004
0.19950617283950622	0.2773829420302588	0.23208585580961477	0.20213118543713787
-----------------------------------------------------------
1.2	10	0.30000000000000004
0.2	0.2779413465886634	0.23261544419413582	0.20089214957587984
-----------------------------------------------------------
1.2	50	0.30000000000000004
0.2	0.2779413465886634	0.23261544419413582	0.20025164399092982
-----------------------------------------------------------
1.2	100	0.30000000000000004
0.19950617283950617	0.2774969021442189	0.2321257359756055	0.2000314793818763
-----------------------------------------------------------
1.2	500	0.30000000000000004
0.19950617283950617	0.2774969021442189	0.2321257359756055	0.20007116192155885
-----------------------------------------------------------
1.2	1000	0.30000000000000004
0.19950617283950617	0.2774969021442189	0.2321257359756055	0.20007116192155885
-----------------------------------------------------------
1.2	1	0.4
0.20049382716049388	0.2780982280151526	0.23300419410784592	0.1988774586377761
-----------------------------------------------------------
1.2	10	0.4
0.2014814814814815	0.27972215963908426	0.23424110007164903	0.20036179138321997
-----------------------------------------------------------
1.2	50	0.4
0.20098765432098767	0.27861104852797314	0.23351765039774658	0.19997613588645338
-----------------------------------------------------------
1.2	100	0.4
0.20049382716049385	0.2782406781576028	0.233054178530466	0.19948230872595954
-----------------------------------------------------------
1.2	500	0.4
0.20049382716049385	0.2782406781576028	0.233054178530466	0.1995246367682876
-----------------------------------------------------------
1.2	1000	0.4
0.20049382716049385	0.2782406781576028	0.233054178530466	0.1995246367682876
-----------------------------------------------------------
1.2	1	0.5
0.20345679012345683	0.2815065930705765	0.2362010403652031	0.20074697516866832
-----------------------------------------------------------
1.2	10	0.5
0.20345679012345683	0.2813527469167304	0.23614686761143577	0.2010577237479354
-----------------------------------------------------------
1.2	50	0.5
0.20345679012345683	0.2813527469167304	0.23614686761143577	0.20070831163741218
-----------------------------------------------------------
1.2	100	0.5
0.20345679012345683	0.2813527469167304	0.23614686761143577	0.2009552252176591
-----------------------------------------------------------
1.2	500	0.5
0.20345679012345683	0.2813527469167304	0.23614686761143577	0.2009199518490524
-----------------------------------------------------------
1.2	1000	0.5
0.20345679012345683	0.2813527469167304	0.23614686761143577	0.2009199518490524
-----------------------------------------------------------
1.2	1	0.6000000000000001
0.20148148148148146	0.27556788979853997	0.2327718262634284	0.1981185185185185
-----------------------------------------------------------
1.2	10	0.6000000000000001
0.2004938271604938	0.274599228829879	0.231767017552613	0.1955415931804821
-----------------------------------------------------------
1.2	50	0.6000000000000001
0.20098765432098767	0.27509305599037287	0.23227283460964787	0.19718764452282966
-----------------------------------------------------------
1.2	100	0.6000000000000001
0.20098765432098767	0.27509305599037287	0.23227283460964787	0.19718764452282966
-----------------------------------------------------------
1.2	500	0.6000000000000001
0.20098765432098767	0.27509305599037287	0.23227283460964787	0.19719940231236527
-----------------------------------------------------------
1.2	1000	0.6000000000000001
0.20098765432098767	0.27509305599037287	0.23227283460964787	0.19719940231236527
-----------------------------------------------------------
1.2	1	0.7000000000000001
0.20543209876543211	0.28136100590538154	0.23747494119902302	0.2028338015453095
-----------------------------------------------------------
1.2	10	0.7000000000000001
0.20395061728395064	0.27991248347646697	0.23596890815105187	0.2025797940987095
-----------------------------------------------------------
1.2	50	0.7000000000000001
0.20444444444444448	0.2804063106369608	0.23647488137773293	0.20288926891744355
-----------------------------------------------------------
1.2	100	0.7000000000000001
0.20444444444444448	0.2804063106369608	0.23647488137773293	0.20264235533719663
-----------------------------------------------------------
1.2	500	0.7000000000000001
0.20444444444444448	0.2804063106369608	0.23647488137773293	0.20259605904090036
-----------------------------------------------------------
1.2	1000	0.7000000000000001
0.20444444444444448	0.2804063106369608	0.23647488137773293	0.20259605904090036
-----------------------------------------------------------
1.2	1	0.8
0.208888888888889	0.28502794390565295	0.24108986190192613	0.20454547325102881
-----------------------------------------------------------
1.2	10	0.8
0.20740740740740748	0.28450534740266425	0.23991456176457007	0.2043461885165589
-----------------------------------------------------------
1.2	50	0.8
0.20691358024691367	0.2841102856742692	0.23944366241160506	0.2038860670194004
-----------------------------------------------------------
1.2	100	0.8
0.20691358024691367	0.2841102856742692	0.23944366241160506	0.20382654320987662
-----------------------------------------------------------
1.2	500	0.8
0.20691358024691367	0.2841102856742692	0.23944366241160506	0.20400722124240647
-----------------------------------------------------------
1.2	1000	0.8
0.20691358024691367	0.2841102856742692	0.23944366241160506	0.20400722124240647
-----------------------------------------------------------
1.2	1	0.9
0.20938271604938288	0.2855834708997764	0.24161748568876318	0.2038214194731391
-----------------------------------------------------------
1.2	10	0.9
0.2064197530864199	0.28271452503083055	0.2386169404255882	0.20170923056465384
-----------------------------------------------------------
1.2	50	0.9
0.20691358024691375	0.2832083521913244	0.23912275794807508	0.20188363777609813
-----------------------------------------------------------
1.2	100	0.9
0.20691358024691375	0.2832083521913244	0.23912275794807508	0.20180427269673304
-----------------------------------------------------------
1.2	500	0.9
0.20641975308641994	0.28283798182095404	0.23866090285520278	0.2016945333277344
-----------------------------------------------------------
1.2	1000	0.9
0.20641975308641994	0.28283798182095404	0.23866090285520278	0.2016945333277344
-----------------------------------------------------------
1.2	1	1.0
0.20592592592592607	0.28313998410334845	0.23843765103007872	0.20047053553931865
-----------------------------------------------------------
1.2	10	1.0
0.20395061728395072	0.2802637122270765	0.23609362064408734	0.19990788611740987
-----------------------------------------------------------
1.2	50	1.0
0.2034567901234569	0.27989334185670617	0.235631262487914	0.20001155062848186
-----------------------------------------------------------
1.2	100	1.0
0.2034567901234569	0.27989334185670617	0.235631262487914	0.19997039836510738
-----------------------------------------------------------
1.2	500	1.0
0.2034567901234569	0.27989334185670617	0.235631262487914	0.19997039836510738
-----------------------------------------------------------
1.2	1000	1.0
0.2034567901234569	0.27989334185670617	0.235631262487914	0.19997039836510738
-----------------------------------------------------------
1.3	1	0.0
0.18617283950617292	0.26744998918063934	0.21953006225809643	0.18183726729374883
-----------------------------------------------------------
1.3	10	0.0
0.18617283950617286	0.2668785606092108	0.21933731766101178	0.18204685969037832
-----------------------------------------------------------
1.3	50	0.0
0.18567901234567902	0.2665611002917505	0.21888727005351138	0.18189361650009808
-----------------------------------------------------------
1.3	100	0.0
0.1851851851851852	0.26606727313125667	0.21837761252472604	0.18167413776210084
-----------------------------------------------------------
1.3	500	0.0
0.1851851851851852	0.26606727313125667	0.21837761252472604	0.18167413776210084
-----------------------------------------------------------
1.3	1000	0.0
0.1851851851851852	0.26606727313125667	0.21837761252472604	0.18167413776210084
-----------------------------------------------------------
1.3	1	0.1
0.18962962962962965	0.2717376367182868	0.22337738788976522	0.19562062862181914
-----------------------------------------------------------
1.3	10	0.1
0.18864197530864196	0.2699845502985338	0.2220997523146051	0.19393691316032585
-----------------------------------------------------------
1.3	50	0.1
0.1891358024691358	0.27009851041249394	0.22248032030547682	0.1937352670697909
-----------------------------------------------------------
1.3	100	0.1
0.1891358024691358	0.27009851041249394	0.22248032030547682	0.1926241559586798
-----------------------------------------------------------
1.3	500	0.1
0.1891358024691358	0.27009851041249394	0.22248032030547682	0.19259770093222475
-----------------------------------------------------------
1.3	1000	0.1
0.1891358024691358	0.27009851041249394	0.22248032030547682	0.19259770093222475
-----------------------------------------------------------
1.3	1	0.2
0.19407407407407404	0.2756423122896291	0.2277758583104875	0.1995535861258084
-----------------------------------------------------------
1.3	10	0.2
0.194074074074074	0.27583034647766325	0.2278400319423665	0.1999956790123458
-----------------------------------------------------------
1.3	50	0.2
0.194074074074074	0.27583034647766325	0.2278400319423665	0.19971172839506182
-----------------------------------------------------------
1.3	100	0.2
0.19358024691358017	0.273608124255441	0.2267399255610661	0.19946481481481493
-----------------------------------------------------------
1.3	500	0.2
0.19358024691358017	0.273608124255441	0.2267399255610661	0.19927962962962972
-----------------------------------------------------------
1.3	1000	0.2
0.19358024691358017	0.273608124255441	0.2267399255610661	0.19916851851851858
-----------------------------------------------------------
1.3	1	0.30000000000000004
0.20000000000000007	0.2776350356156857	0.23250809920826346	0.20253516488900092
-----------------------------------------------------------
1.3	10	0.30000000000000004
0.1995061728395062	0.2774071153877655	0.23209431683139073	0.2010202814870806
-----------------------------------------------------------
1.3	50	0.30000000000000004
0.19901234567901235	0.27666637464702476	0.23150089266668852	0.19959758895327692
-----------------------------------------------------------
1.3	100	0.30000000000000004
0.19901234567901235	0.27666637464702476	0.23150089266668852	0.19959758895327692
-----------------------------------------------------------
1.3	500	0.30000000000000004
0.1985185185185185	0.2744441524248025	0.23038708930993554	0.1992395642619189
-----------------------------------------------------------
1.3	1000	0.30000000000000004
0.1985185185185185	0.2744441524248025	0.23038708930993554	0.1992395642619189
-----------------------------------------------------------
1.3	1	0.4
0.2014814814814815	0.2790294449463695	0.2339978670732324	0.2000882240138854
-----------------------------------------------------------
1.3	10	0.4
0.20246913580246914	0.28065337657030115	0.23523493589712716	0.2017240362811792
-----------------------------------------------------------
1.3	50	0.4
0.20148148148148148	0.2798385617554863	0.23428190365379734	0.20113614680440078
-----------------------------------------------------------
1.3	100	0.4
0.20148148148148148	0.2798385617554863	0.23428190365379734	0.20113614680440078
-----------------------------------------------------------
1.3	500	0.4
0.20148148148148148	0.2798385617554863	0.23428190365379734	0.20112133198958598
-----------------------------------------------------------
1.3	1000	0.4
0.20148148148148148	0.2798385617554863	0.23428190365379734	0.20112133198958598
-----------------------------------------------------------
1.3	1	0.5
0.2034567901234568	0.28036699193097536	0.23579894313019875	0.2007460163489264
-----------------------------------------------------------
1.3	10	0.5
0.2034567901234568	0.28021314577712925	0.23574451483761083	0.20095461913160328
-----------------------------------------------------------
1.3	50	0.5
0.2034567901234568	0.28021314577712925	0.23574451483761083	0.20108418997228522
-----------------------------------------------------------
1.3	100	0.5
0.2034567901234568	0.28021314577712925	0.23574451483761083	0.20092545981355509
-----------------------------------------------------------
1.3	500	0.5
0.2034567901234568	0.28021314577712925	0.23574451483761083	0.201172373393802
-----------------------------------------------------------
1.3	1000	0.5
0.2034567901234568	0.28021314577712925	0.23574451483761083	0.201172373393802
-----------------------------------------------------------
1.3	1	0.6000000000000001
0.2024691358024692	0.27661659418057766	0.23380501345488103	0.19866076117689874
-----------------------------------------------------------
1.3	10	0.6000000000000001
0.2019753086419754	0.27652162741894426	0.2334415827357022	0.19867427283670672
-----------------------------------------------------------
1.3	50	0.6000000000000001
0.20148148148148157	0.2757808866782035	0.2328477806723277	0.19842648722040254
-----------------------------------------------------------
1.3	100	0.6000000000000001
0.20148148148148157	0.2757808866782035	0.2328477806723277	0.19842648722040254
-----------------------------------------------------------
1.3	500	0.6000000000000001
0.20148148148148157	0.2757808866782035	0.2328477806723277	0.19842648722040254
-----------------------------------------------------------
1.3	1000	0.6000000000000001
0.20148148148148157	0.2757808866782035	0.2328477806723277	0.19842648722040254
-----------------------------------------------------------
1.3	1	0.7000000000000001
0.20691358024691361	0.280759755304131	0.2382455710586808	0.20061311903362178
-----------------------------------------------------------
1.3	10	0.7000000000000001
0.20592592592592596	0.2798050600357102	0.23724702657188018	0.2008012044735591
-----------------------------------------------------------
1.3	50	0.7000000000000001
0.20543209876543217	0.27936061559126574	0.23675948863823487	0.20013282312925182
-----------------------------------------------------------
1.3	100	0.7000000000000001
0.20543209876543217	0.27936061559126574	0.23675948863823487	0.20013282312925182
-----------------------------------------------------------
1.3	500	0.7000000000000001
0.20543209876543217	0.27936061559126574	0.23675948863823487	0.20050319349962217
-----------------------------------------------------------
1.3	1000	0.7000000000000001
0.20543209876543217	0.27936061559126574	0.23675948863823487	0.20050319349962217
-----------------------------------------------------------
1.3	1	0.8
0.20839506172839514	0.28432531755596774	0.240509605829904	0.20241092144676795
-----------------------------------------------------------
1.3	10	0.8
0.20691358024691364	0.28255798612196964	0.23889062635271893	0.20094963396881385
-----------------------------------------------------------
1.3	50	0.8
0.20691358024691367	0.28268144291209313	0.23893473853106795	0.20107196397077348
-----------------------------------------------------------
1.3	100	0.8
0.20691358024691367	0.28268144291209313	0.23893473853106795	0.20107196397077348
-----------------------------------------------------------
1.3	500	0.8
0.20691358024691367	0.28268144291209313	0.23893473853106795	0.20107196397077348
-----------------------------------------------------------
1.3	1000	0.8
0.20691358024691367	0.28268144291209313	0.23893473853106795	0.20107196397077348
-----------------------------------------------------------
1.3	1	0.9
0.2098765432098767	0.28594149559113446	0.24207434162763306	0.20365195193303656
-----------------------------------------------------------
1.3	10	0.9
0.20790123456790138	0.28401082132712685	0.24006811655436847	0.2021563807004283
-----------------------------------------------------------
1.3	50	0.9
0.20790123456790138	0.28401082132712685	0.24006811655436847	0.20213717631085357
-----------------------------------------------------------
1.3	100	0.9
0.20790123456790138	0.28401082132712685	0.24006811655436847	0.20221125038492763
-----------------------------------------------------------
1.3	500	0.9
0.20790123456790138	0.28401082132712685	0.24006811655436847	0.20215172657540384
-----------------------------------------------------------
1.3	1000	0.9
0.20790123456790138	0.28401082132712685	0.24006811655436847	0.20215172657540384
-----------------------------------------------------------
1.3	1	1.0
0.2049382716049384	0.2819393329026973	0.23734983514371918	0.20010376809159883
-----------------------------------------------------------
1.3	10	1.0
0.2049382716049384	0.28067084830087935	0.2368991692406021	0.20028680748019367
-----------------------------------------------------------
1.3	50	1.0
0.2044444444444446	0.280300477930509	0.2364372388152164	0.20009084432126756
-----------------------------------------------------------
1.3	100	1.0
0.2044444444444446	0.280300477930509	0.2364372388152164	0.20021430111139107
-----------------------------------------------------------
1.3	500	1.0
0.2044444444444446	0.280300477930509	0.2364372388152164	0.20017461857170854
-----------------------------------------------------------
1.3	1000	1.0
0.2044444444444446	0.280300477930509	0.2364372388152164	0.20017461857170854
-----------------------------------------------------------
1.4000000000000001	1	0.0
0.18617283950617292	0.26707650645421543	0.2194041404146471	0.18236302805072657
-----------------------------------------------------------
1.4000000000000001	10	0.0
0.1851851851851852	0.26569379040483276	0.21825171029226423	0.18132103314576872
-----------------------------------------------------------
1.4000000000000001	50	0.0
0.1851851851851852	0.26569379040483276	0.21825171029226423	0.18159131533271755
-----------------------------------------------------------
1.4000000000000001	100	0.0
0.1851851851851852	0.26569379040483276	0.21825171029226423	0.1817103629517652
-----------------------------------------------------------
1.4000000000000001	500	0.0
0.18469135802469136	0.2648049015159439	0.2176088269235221	0.18161159751966643
-----------------------------------------------------------
1.4000000000000001	1000	0.0
0.18469135802469136	0.2648049015159439	0.2176088269235221	0.18161159751966643
-----------------------------------------------------------
1.4000000000000001	1	0.1
0.18864197530864202	0.2710782960589462	0.22246895956855464	0.19413540074466004
-----------------------------------------------------------
1.4000000000000001	10	0.1
0.1881481481481482	0.2694391697531533	0.221572927589592	0.1916045365471292
-----------------------------------------------------------
1.4000000000000001	50	0.1
0.1881481481481482	0.2694391697531533	0.221572927589592	0.19050341955712333
-----------------------------------------------------------
1.4000000000000001	100	0.1
0.1881481481481482	0.2694391697531533	0.221572927589592	0.19050341955712333
-----------------------------------------------------------
1.4000000000000001	500	0.1
0.1881481481481482	0.2694391697531533	0.221572927589592	0.19031823437193815
-----------------------------------------------------------
1.4000000000000001	1000	0.1
0.1881481481481482	0.2694391697531533	0.221572927589592	0.19031823437193815
-----------------------------------------------------------
1.4000000000000001	1	0.2
0.19308641975308638	0.27356294721026403	0.226385349658391	0.19926029996360686
-----------------------------------------------------------
1.4000000000000001	10	0.2
0.1925925925925925	0.271528759176076	0.22534807973771145	0.19614307480193732
-----------------------------------------------------------
1.4000000000000001	50	0.2
0.19308641975308635	0.2737509813982982	0.22644970934944714	0.19919657274432412
-----------------------------------------------------------
1.4000000000000001	100	0.2
0.19308641975308635	0.2737509813982982	0.22644970934944714	0.19919657274432412
-----------------------------------------------------------
1.4000000000000001	500	0.2
0.19308641975308635	0.2737509813982982	0.22644970934944714	0.19919657274432412
-----------------------------------------------------------
1.4000000000000001	1000	0.2
0.19308641975308635	0.2737509813982982	0.22644970934944714	0.1991568902046416
-----------------------------------------------------------
1.4000000000000001	1	0.30000000000000004
0.20098765432098772	0.2785146652453154	0.2334837892433207	0.20156675415021985
-----------------------------------------------------------
1.4000000000000001	10	0.30000000000000004
0.1995061728395062	0.2766571153877655	0.2318314059251304	0.20040916057781152
-----------------------------------------------------------
1.4000000000000001	50	0.30000000000000004
0.1995061728395062	0.27532378205443214	0.23136195803673504	0.19892944276476035
-----------------------------------------------------------
1.4000000000000001	100	0.30000000000000004
0.1995061728395062	0.27532378205443214	0.23136195803673504	0.19888976022507782
-----------------------------------------------------------
1.4000000000000001	500	0.30000000000000004
0.1995061728395062	0.27532378205443214	0.23136195803673504	0.19851938985470746
-----------------------------------------------------------
1.4000000000000001	1000	0.30000000000000004
0.1995061728395062	0.27532378205443214	0.23136195803673504	0.19851938985470746
-----------------------------------------------------------
1.4000000000000001	1	0.4
0.2014814814814816	0.2803760057929304	0.23447004357472767	0.20129175275048294
-----------------------------------------------------------
1.4000000000000001	10	0.4
0.20000000000000004	0.2782221596390843	0.23271373275471754	0.20041267181769834
-----------------------------------------------------------
1.4000000000000001	50	0.4
0.20000000000000004	0.2782221596390843	0.23271373275471754	0.19992068671089844
-----------------------------------------------------------
1.4000000000000001	100	0.4
0.20000000000000004	0.2782221596390843	0.23271373275471754	0.19992068671089844
-----------------------------------------------------------
1.4000000000000001	500	0.4
0.20000000000000004	0.2782221596390843	0.23271373275471754	0.19992068671089844
-----------------------------------------------------------
1.4000000000000001	1000	0.4
0.20000000000000004	0.2782221596390843	0.23271373275471754	0.19992068671089844
-----------------------------------------------------------
1.4000000000000001	1	0.5
0.20395061728395064	0.28062421618819966	0.236221438518835	0.19966461465244534
-----------------------------------------------------------
1.4000000000000001	10	0.5
0.20395061728395067	0.28047037003435354	0.2361669151249139	0.2000006424792139
-----------------------------------------------------------
1.4000000000000001	50	0.5
0.20395061728395067	0.28047037003435354	0.2361669151249139	0.2000894137902074
-----------------------------------------------------------
1.4000000000000001	100	0.5
0.20395061728395067	0.28047037003435354	0.2361669151249139	0.20005414042160072
-----------------------------------------------------------
1.4000000000000001	500	0.5
0.20395061728395067	0.28047037003435354	0.2361669151249139	0.20033068363147727
-----------------------------------------------------------
1.4000000000000001	1000	0.5
0.20395061728395067	0.28047037003435354	0.2361669151249139	0.20033068363147727
-----------------------------------------------------------
1.4000000000000001	1	0.6000000000000001
0.20444444444444454	0.2786641022280857	0.23585311400109946	0.20058007614568465
-----------------------------------------------------------
1.4000000000000001	10	0.6000000000000001
0.20444444444444454	0.2789679958653127	0.23596189165474724	0.2009196705019457
-----------------------------------------------------------
1.4000000000000001	50	0.6000000000000001
0.20444444444444454	0.2789679958653127	0.23596189165474724	0.2007218554911677
-----------------------------------------------------------
1.4000000000000001	100	0.6000000000000001
0.20444444444444454	0.2789679958653127	0.23596189165474724	0.20096876907141462
-----------------------------------------------------------
1.4000000000000001	500	0.6000000000000001
0.20444444444444454	0.2789679958653127	0.23596189165474724	0.20096876907141462
-----------------------------------------------------------
1.4000000000000001	1000	0.6000000000000001
0.20444444444444454	0.2789679958653127	0.23596189165474724	0.20096876907141462
-----------------------------------------------------------
1.4000000000000001	1	0.7000000000000001
0.20790123456790127	0.2822355307995143	0.23943160129259228	0.20097192757761542
-----------------------------------------------------------
1.4000000000000001	10	0.7000000000000001
0.20691358024691361	0.28109782899514585	0.23836720656738086	0.2007371245205902
-----------------------------------------------------------
1.4000000000000001	50	0.7000000000000001
0.20691358024691361	0.28109782899514585	0.23836720656738086	0.2005176457825929
-----------------------------------------------------------
1.4000000000000001	100	0.7000000000000001
0.20691358024691361	0.28109782899514585	0.23836720656738086	0.2005176457825929
-----------------------------------------------------------
1.4000000000000001	500	0.7000000000000001
0.20691358024691361	0.28109782899514585	0.23836720656738086	0.2011102383751855
-----------------------------------------------------------
1.4000000000000001	1000	0.7000000000000001
0.20691358024691361	0.28109782899514585	0.23836720656738086	0.2011102383751855
-----------------------------------------------------------
1.4000000000000001	1	0.8
0.21037037037037049	0.28589867012932024	0.2423871094716776	0.2037764767223762
-----------------------------------------------------------
1.4000000000000001	10	0.8
0.20839506172839514	0.28363751153482836	0.24026318555608103	0.2018821596539851
-----------------------------------------------------------
1.4000000000000001	50	0.8
0.20888888888888896	0.28413133869532214	0.24076853775108337	0.20206675694969348
-----------------------------------------------------------
1.4000000000000001	100	0.8
0.20839506172839514	0.2837609683249518	0.24030746714117338	0.20177183239550966
-----------------------------------------------------------
1.4000000000000001	500	0.8
0.20839506172839514	0.2837609683249518	0.24030746714117338	0.20177183239550966
-----------------------------------------------------------
1.4000000000000001	1000	0.8
0.20839506172839514	0.2837609683249518	0.24030746714117338	0.20166072128439858
-----------------------------------------------------------
1.4000000000000001	1	0.9
0.20839506172839517	0.2856848219815196	0.24099465723910693	0.20392667128579828
-----------------------------------------------------------
1.4000000000000001	10	0.9
0.20691358024691367	0.28325746357376913	0.23914026199046262	0.20354779611433046
-----------------------------------------------------------
1.4000000000000001	50	0.9
0.2074074074074075	0.2837512907342629	0.23964604427192135	0.20406028876571203
-----------------------------------------------------------
1.4000000000000001	100	0.9
0.2074074074074075	0.2837512907342629	0.23964604427192135	0.20394917765460094
-----------------------------------------------------------
1.4000000000000001	500	0.9
0.2074074074074075	0.2837512907342629	0.23964604427192135	0.20394917765460094
-----------------------------------------------------------
1.4000000000000001	1000	0.9
0.2074074074074075	0.2837512907342629	0.23964604427192135	0.20394917765460094
-----------------------------------------------------------
1.4000000000000001	1	1.0
0.2059259259259261	0.2845039781340092	0.23891995427626048	0.20109736499538086
-----------------------------------------------------------
1.4000000000000001	10	1.0
0.2049382716049384	0.2821861108161418	0.23743723742241116	0.2017277392850144
-----------------------------------------------------------
1.4000000000000001	50	1.0
0.2044444444444446	0.28181574044577146	0.23697462503183783	0.20143428445452252
-----------------------------------------------------------
1.4000000000000001	100	1.0
0.2044444444444446	0.28181574044577146	0.23697462503183783	0.20140342025699162
-----------------------------------------------------------
1.4000000000000001	500	1.0
0.2044444444444446	0.28181574044577146	0.23697462503183783	0.20176144494834966
-----------------------------------------------------------
1.4000000000000001	1000	1.0
0.2044444444444446	0.28181574044577146	0.23697462503183783	0.20176144494834966
-----------------------------------------------------------
1.5000000000000002	1	0.0
0.18567901234567905	0.26552667357104925	0.2185377181137959	0.1804080960779375
-----------------------------------------------------------
1.5000000000000002	10	0.0
0.18469135802469136	0.2641439575216666	0.21738532837732652	0.17987287589933107
-----------------------------------------------------------
1.5000000000000002	50	0.0
0.18469135802469136	0.2641439575216666	0.21738532837732652	0.179863847596652
-----------------------------------------------------------
1.5000000000000002	100	0.0
0.18469135802469136	0.2641439575216666	0.21738532837732652	0.17997495870776314
-----------------------------------------------------------
1.5000000000000002	500	0.0
0.18469135802469136	0.2641439575216666	0.21738532837732652	0.17995849780241333
-----------------------------------------------------------
1.5000000000000002	1000	0.0
0.18469135802469136	0.2641439575216666	0.21738532837732652	0.17995849780241333
-----------------------------------------------------------
1.5000000000000002	1	0.1
0.1881481481481482	0.2683798833605335	0.2212139214655875	0.1894967848044569
-----------------------------------------------------------
1.5000000000000002	10	0.1
0.18716049382716052	0.2677379080518915	0.2203127506285067	0.18635716105372205
-----------------------------------------------------------
1.5000000000000002	50	0.1
0.18716049382716052	0.26662679694078045	0.21993565707202473	0.18599061196495076
-----------------------------------------------------------
1.5000000000000002	100	0.1
0.18765432098765436	0.26674075705474054	0.22031513131913852	0.18615522101844867
-----------------------------------------------------------
1.5000000000000002	500	0.1
0.18765432098765436	0.26674075705474054	0.22031513131913852	0.18615522101844867
-----------------------------------------------------------
1.5000000000000002	1000	0.1
0.18765432098765436	0.26674075705474054	0.22031513131913852	0.18615522101844867
-----------------------------------------------------------
1.5000000000000002	1	0.2
0.19209876543209875	0.2713901077040912	0.2249620548069617	0.1976571813499063
-----------------------------------------------------------
1.5000000000000002	10	0.2
0.19160493827160488	0.27007576772308456	0.224171597952084	0.1939665679852189
-----------------------------------------------------------
1.5000000000000002	50	0.2
0.1920987654320987	0.27229798994530674	0.22527335556264064	0.19716713627837978
-----------------------------------------------------------
1.5000000000000002	100	0.2
0.1920987654320987	0.27229798994530674	0.22527335556264064	0.19716713627837978
-----------------------------------------------------------
1.5000000000000002	500	0.2
0.1920987654320987	0.27229798994530674	0.22527335556264064	0.19716713627837978
-----------------------------------------------------------
1.5000000000000002	1000	0.2
0.1920987654320987	0.27229798994530674	0.22527335556264064	0.19716713627837978
-----------------------------------------------------------
1.5000000000000002	1	0.30000000000000004
0.19851851851851857	0.2752838960145461	0.2306824513027039	0.1966493974132864
-----------------------------------------------------------
1.5000000000000002	10	0.30000000000000004
0.19753086419753088	0.27275967949032964	0.2291283800242701	0.19634336174799147
-----------------------------------------------------------
1.5000000000000002	50	0.30000000000000004
0.19753086419753088	0.27275967949032964	0.2291283800242701	0.1958906868508722
-----------------------------------------------------------
1.5000000000000002	100	0.30000000000000004
0.19753086419753088	0.27275967949032964	0.2291283800242701	0.1955203164805018
-----------------------------------------------------------
1.5000000000000002	500	0.30000000000000004
0.19802469135802472	0.2735004202310704	0.22972195953688554	0.1957672300607487
-----------------------------------------------------------
1.5000000000000002	1000	0.30000000000000004
0.19802469135802472	0.2735004202310704	0.22972195953688554	0.1957672300607487
-----------------------------------------------------------
1.5000000000000002	1	0.4
0.20049382716049388	0.2776599564102144	0.23285022192726232	0.19896769967246156
-----------------------------------------------------------
1.5000000000000002	10	0.4
0.19901234567901235	0.27550611025636823	0.23109371854858693	0.19759486996444667
-----------------------------------------------------------
1.5000000000000002	50	0.4
0.19901234567901235	0.27550611025636823	0.23109371854858693	0.1974899316928417
-----------------------------------------------------------
1.5000000000000002	100	0.4
0.19901234567901235	0.27550611025636823	0.23109371854858693	0.19743996108731554
-----------------------------------------------------------
1.5000000000000002	500	0.4
0.19901234567901235	0.27550611025636823	0.23109371854858693	0.19743996108731554
-----------------------------------------------------------
1.5000000000000002	1000	0.4
0.19901234567901235	0.27550611025636823	0.23109371854858693	0.19743996108731554
-----------------------------------------------------------
1.5000000000000002	1	0.5
0.2049382716049383	0.2819452038425207	0.23735191550580179	0.2031593404439965
-----------------------------------------------------------
1.5000000000000002	10	0.5
0.20493827160493835	0.281914814478798	0.23734114652063507	0.20272498810223674
-----------------------------------------------------------
1.5000000000000002	50	0.5
0.2044444444444445	0.28142098731830417	0.23683494912802303	0.20231895243694184
-----------------------------------------------------------
1.5000000000000002	100	0.5
0.2044444444444445	0.28142098731830417	0.23683494912802303	0.2023718624898519
-----------------------------------------------------------
1.5000000000000002	500	0.5
0.2044444444444445	0.28142098731830417	0.23683494912802303	0.2023718624898519
-----------------------------------------------------------
1.5000000000000002	1000	0.5
0.2044444444444445	0.28142098731830417	0.23683494912802303	0.2023718624898519
-----------------------------------------------------------
1.5000000000000002	1	0.6000000000000001
0.205925925925926	0.278931908495892	0.23693259116168477	0.20135079295092528
-----------------------------------------------------------
1.5000000000000002	10	0.6000000000000001
0.20493827160493833	0.2782975305281807	0.2360496248274939	0.20077073220234598
-----------------------------------------------------------
1.5000000000000002	50	0.6000000000000001
0.20493827160493833	0.2782975305281807	0.2360496248274939	0.20078245079924978
-----------------------------------------------------------
1.5000000000000002	100	0.6000000000000001
0.20493827160493833	0.2782975305281807	0.2360496248274939	0.20078245079924978
-----------------------------------------------------------
1.5000000000000002	500	0.6000000000000001
0.20493827160493833	0.2782975305281807	0.2360496248274939	0.20053553721900286
-----------------------------------------------------------
1.5000000000000002	1000	0.6000000000000001
0.20493827160493833	0.2782975305281807	0.2360496248274939	0.20060961129307692
-----------------------------------------------------------
1.5000000000000002	1	0.7000000000000001
0.20839506172839511	0.278981562545546	0.2385768091950392	0.19967967302147202
-----------------------------------------------------------
1.5000000000000002	10	0.7000000000000001
0.20691358024691364	0.2775352187658689	0.2370768835694487	0.19904236163601255
-----------------------------------------------------------
1.5000000000000002	50	0.7000000000000001
0.2064197530864198	0.2770907743214245	0.23659054343487856	0.19903550292545014
-----------------------------------------------------------
1.5000000000000002	100	0.7000000000000001
0.2064197530864198	0.2770907743214245	0.23659054343487856	0.19964396853391575
-----------------------------------------------------------
1.5000000000000002	500	0.7000000000000001
0.2064197530864198	0.2770907743214245	0.23659054343487856	0.19964396853391575
-----------------------------------------------------------
1.5000000000000002	1000	0.7000000000000001
0.2064197530864198	0.2770907743214245	0.23659054343487856	0.19964396853391575
-----------------------------------------------------------
1.5000000000000002	1	0.8
0.21234567901234577	0.28726809083207433	0.24418917767343568	0.20368076691581985
-----------------------------------------------------------
1.5000000000000002	10	0.8
0.20987654320987664	0.2848435894075729	0.2416800286014729	0.20258113924582186
-----------------------------------------------------------
1.5000000000000002	50	0.8
0.21037037037037049	0.28533741656806666	0.24218517273929238	0.20289448433694468
-----------------------------------------------------------
1.5000000000000002	100	0.8
0.21037037037037049	0.28533741656806666	0.24218517273929238	0.20283628327874362
-----------------------------------------------------------
1.5000000000000002	500	0.8
0.21037037037037049	0.28533741656806666	0.24218517273929238	0.20283628327874362
-----------------------------------------------------------
1.5000000000000002	1000	0.8
0.21037037037037049	0.28533741656806666	0.24218517273929238	0.20283628327874362
-----------------------------------------------------------
1.5000000000000002	1	0.9
0.2074074074074075	0.28354361750698187	0.2395719475452594	0.20221337518546514
-----------------------------------------------------------
1.5000000000000002	10	0.9
0.20592592592592604	0.2813631726794782	0.23780532756139594	0.20226684373337814
-----------------------------------------------------------
1.5000000000000002	50	0.9
0.20641975308641988	0.281856999839972	0.23831096591820303	0.20223127642003308
-----------------------------------------------------------
1.5000000000000002	100	0.9
0.20641975308641988	0.281856999839972	0.23831096591820303	0.2022004122225022
-----------------------------------------------------------
1.5000000000000002	500	0.9
0.20641975308641988	0.281856999839972	0.23831096591820303	0.2022004122225022
-----------------------------------------------------------
1.5000000000000002	1000	0.9
0.20641975308641988	0.281856999839972	0.23831096591820303	0.2022004122225022
-----------------------------------------------------------
1.5000000000000002	1	1.0
0.2044444444444446	0.28155704852041286	0.23688311742834778	0.19987576985526712
-----------------------------------------------------------
1.5000000000000002	10	1.0
0.20345679012345697	0.2792391812025455	0.235399136761396	0.20072297738025238
-----------------------------------------------------------
1.5000000000000002	50	1.0
0.20296296296296315	0.27886881083217513	0.23493693526538217	0.20032399638867884
-----------------------------------------------------------
1.5000000000000002	100	1.0
0.20296296296296315	0.27886881083217513	0.23493693526538217	0.20032399638867884
-----------------------------------------------------------
1.5000000000000002	500	1.0
0.20296296296296315	0.27886881083217513	0.23493693526538217	0.20032399638867884
-----------------------------------------------------------
1.5000000000000002	1000	1.0
0.20296296296296315	0.27886881083217513	0.23493693526538217	0.20032399638867884
-----------------------------------------------------------
1.6000000000000003	1	0.0
0.18567901234567905	0.26566776704547607	0.21858549057834542	0.18127422734525925
-----------------------------------------------------------
1.6000000000000003	10	0.0
0.1851851851851852	0.2647788781565872	0.2179424073131362	0.18107296338288417
-----------------------------------------------------------
1.6000000000000003	50	0.0
0.1851851851851852	0.2647788781565872	0.2179424073131362	0.18131195445256312
-----------------------------------------------------------
1.6000000000000003	100	0.0
0.1851851851851852	0.2647788781565872	0.2179424073131362	0.18136133716861252
-----------------------------------------------------------
1.6000000000000003	500	0.0
0.1851851851851852	0.2647788781565872	0.2179424073131362	0.18148479395873598
-----------------------------------------------------------
1.6000000000000003	1000	0.0
0.1851851851851852	0.2647788781565872	0.2179424073131362	0.18148479395873598
-----------------------------------------------------------
1.6000000000000003	1	0.1
0.1876543209876543	0.2659358705831874	0.22004009852031703	0.1855092550600488
-----------------------------------------------------------
1.6000000000000003	10	0.1
0.18814814814814812	0.268849450830101	0.2213732694325934	0.1860217575095883
-----------------------------------------------------------
1.6000000000000003	50	0.1
0.18864197530864196	0.2699605619412121	0.2220916350154251	0.18569459701576116
-----------------------------------------------------------
1.6000000000000003	100	0.1
0.18864197530864196	0.2699605619412121	0.2220916350154251	0.18567108143669003
-----------------------------------------------------------
1.6000000000000003	500	0.1
0.18864197530864196	0.2699605619412121	0.2220916350154251	0.18567108143669003
-----------------------------------------------------------
1.6000000000000003	1000	0.1
0.18864197530864196	0.2699605619412121	0.2220916350154251	0.18567108143669003
-----------------------------------------------------------
1.6000000000000003	1	0.2
0.19061728395061728	0.26391199322597675	0.22135510241811948	0.19345569202989854
-----------------------------------------------------------
1.6000000000000003	10	0.2
0.1906172839506172	0.26496802361534044	0.22172569728011673	0.1902976477422246
-----------------------------------------------------------
1.6000000000000003	50	0.2
0.19111111111111104	0.2671902458375627	0.2228360182044418	0.19378089289213646
-----------------------------------------------------------
1.6000000000000003	100	0.2
0.1906172839506172	0.26644950509682197	0.22224271020606065	0.19343756543769786
-----------------------------------------------------------
1.6000000000000003	500	0.2
0.1906172839506172	0.26644950509682197	0.22224271020606065	0.19343756543769786
-----------------------------------------------------------
1.6000000000000003	1000	0.2
0.1906172839506172	0.26644950509682197	0.22224271020606065	0.19343756543769786
-----------------------------------------------------------
1.6000000000000003	1	0.30000000000000004
0.19901234567901238	0.27490728497126843	0.23088279146112398	0.1991347148736038
-----------------------------------------------------------
1.6000000000000003	10	0.30000000000000004
0.1980246913580247	0.27338021944420293	0.22967954867801316	0.1988775132275133
-----------------------------------------------------------
1.6000000000000003	50	0.30000000000000004
0.19753086419753085	0.27263947870346217	0.2290859585501323	0.19739191651969434
-----------------------------------------------------------
1.6000000000000003	100	0.30000000000000004
0.19753086419753085	0.27263947870346217	0.2290859585501323	0.1973390064667843
-----------------------------------------------------------
1.6000000000000003	500	0.30000000000000004
0.19753086419753085	0.27263947870346217	0.2290859585501323	0.1973390064667843
-----------------------------------------------------------
1.6000000000000003	1000	0.30000000000000004
0.19753086419753085	0.27263947870346217	0.2290859585501323	0.19739826572604355
-----------------------------------------------------------
1.6000000000000003	1	0.4
0.2004938271604939	0.27763146638172437	0.2328402031302988	0.19800502995436856
-----------------------------------------------------------
1.6000000000000003	10	0.4
0.19901234567901238	0.27547762022787825	0.23108369543216106	0.196734875143473
-----------------------------------------------------------
1.6000000000000003	50	0.4
0.19851851851851854	0.27498379306738446	0.23057701675627998	0.19543103426555802
-----------------------------------------------------------
1.6000000000000003	100	0.4
0.19851851851851854	0.27498379306738446	0.23057701675627998	0.19543103426555802
-----------------------------------------------------------
1.6000000000000003	500	0.4
0.19851851851851854	0.27498379306738446	0.23057701675627998	0.19543103426555802
-----------------------------------------------------------
1.6000000000000003	1000	0.4
0.1980246913580247	0.27276157084516217	0.22946092618833258	0.19518412068531113
-----------------------------------------------------------
1.6000000000000003	1	0.5
0.20444444444444446	0.2818144210450712	0.23697415856466103	0.20274148120153415
-----------------------------------------------------------
1.6000000000000003	10	0.5
0.20493827160493835	0.2822778588418424	0.2374697095941446	0.20274359760365054
-----------------------------------------------------------
1.6000000000000003	50	0.5
0.20493827160493835	0.2822778588418424	0.2374697095941446	0.202700093782369
-----------------------------------------------------------
1.6000000000000003	100	0.5
0.20493827160493835	0.2822778588418424	0.2374697095941446	0.20275300383527903
-----------------------------------------------------------
1.6000000000000003	500	0.5
0.20493827160493835	0.2822778588418424	0.2374697095941446	0.20275300383527903
-----------------------------------------------------------
1.6000000000000003	1000	0.5
0.20493827160493835	0.2822778588418424	0.2374697095941446	0.20275300383527903
-----------------------------------------------------------
1.6000000000000003	1	0.6000000000000001
0.20641975308641983	0.2787182332822168	0.23718179368078343	0.20126740782732852
-----------------------------------------------------------
1.6000000000000003	10	0.6000000000000001
0.20543209876543217	0.27808385531450547	0.23629975204746612	0.2011549249741049
-----------------------------------------------------------
1.6000000000000003	50	0.6000000000000001
0.20543209876543217	0.27808385531450547	0.23629975204746612	0.20119932042775965
-----------------------------------------------------------
1.6000000000000003	100	0.6000000000000001
0.20543209876543217	0.27808385531450547	0.23629975204746612	0.20124164847008766
-----------------------------------------------------------
1.6000000000000003	500	0.6000000000000001
0.20543209876543217	0.27808385531450547	0.23629975204746612	0.20124164847008766
-----------------------------------------------------------
1.6000000000000003	1000	0.6000000000000001
0.20543209876543217	0.27808385531450547	0.23629975204746612	0.20124164847008766
-----------------------------------------------------------
1.6000000000000003	1	0.7000000000000001
0.21037037037037037	0.28072352428750774	0.24050761949374316	0.20077116332129566
-----------------------------------------------------------
1.6000000000000003	10	0.7000000000000001
0.20839506172839511	0.2788327360633862	0.23852237293184606	0.2000244653005236
-----------------------------------------------------------
1.6000000000000003	50	0.7000000000000001
0.20839506172839511	0.2788327360633862	0.23852237293184606	0.2008018511519835
-----------------------------------------------------------
1.6000000000000003	100	0.7000000000000001
0.20839506172839511	0.2788327360633862	0.23852237293184606	0.2008018511519835
-----------------------------------------------------------
1.6000000000000003	500	0.7000000000000001
0.20839506172839511	0.2788327360633862	0.23852237293184606	0.2008018511519835
-----------------------------------------------------------
1.6000000000000003	1000	0.7000000000000001
0.20839506172839511	0.2788327360633862	0.23852237293184606	0.2008018511519835
-----------------------------------------------------------
1.6000000000000003	1	0.8
0.20888888888888898	0.282990487993068	0.24035798767461944	0.20003425506004877
-----------------------------------------------------------
1.6000000000000003	10	0.8
0.2079012345679013	0.28186513186771184	0.2392982161001267	0.19960246003751306
-----------------------------------------------------------
1.6000000000000003	50	0.8
0.20839506172839514	0.2823589590282056	0.2398032831418503	0.20010314590856926
-----------------------------------------------------------
1.6000000000000003	100	0.8
0.20839506172839514	0.2823589590282056	0.2398032831418503	0.2000502358556592
-----------------------------------------------------------
1.6000000000000003	500	0.8
0.20839506172839514	0.2823589590282056	0.2398032831418503	0.2000502358556592
-----------------------------------------------------------
1.6000000000000003	1000	0.8
0.20839506172839514	0.2823589590282056	0.2398032831418503	0.2000502358556592
-----------------------------------------------------------
1.6000000000000003	1	0.9
0.20691358024691373	0.28269487801118354	0.23893953766592688	0.20199943730578654
-----------------------------------------------------------
1.6000000000000003	10	0.9
0.20592592592592607	0.28077587109217655	0.23759530614662747	0.20204148120153412
-----------------------------------------------------------
1.6000000000000003	50	0.9
0.20543209876543223	0.28051443318367986	0.23717287789576644	0.20231710338456374
-----------------------------------------------------------
1.6000000000000003	100	0.9
0.20543209876543223	0.28051443318367986	0.23717287789576644	0.20161751490719748
-----------------------------------------------------------
1.6000000000000003	500	0.9
0.20543209876543223	0.28051443318367986	0.23717287789576644	0.2020619593516419
-----------------------------------------------------------
1.6000000000000003	1000	0.9
0.20543209876543223	0.28051443318367986	0.23717287789576644	0.2020619593516419
-----------------------------------------------------------
1.6000000000000003	1	1.0
0.20592592592592612	0.28212660242330007	0.2380775775462523	0.20095199952408943
-----------------------------------------------------------
1.6000000000000003	10	1.0
0.20543209876543228	0.2805494758461735	0.23718540225185322	0.20121179768203576
-----------------------------------------------------------
1.6000000000000003	50	1.0
0.20444444444444462	0.27986164515834283	0.23628097929816486	0.20070871126228268
-----------------------------------------------------------
1.6000000000000003	100	1.0
0.20444444444444462	0.27986164515834283	0.23628097929816486	0.20065580120937263
-----------------------------------------------------------
1.6000000000000003	500	1.0
0.20444444444444462	0.27986164515834283	0.23628097929816486	0.20065580120937263
-----------------------------------------------------------
1.6000000000000003	1000	1.0
0.20444444444444462	0.27986164515834283	0.23628097929816486	0.20065580120937263
-----------------------------------------------------------
1.7000000000000004	1	0.0
0.1846913580246914	0.26542722182453865	0.21781866490343635	0.18091647560258686
-----------------------------------------------------------
1.7000000000000004	10	0.0
0.18419753086419752	0.2646653170626339	0.21721868108930203	0.18085303672909506
-----------------------------------------------------------
1.7000000000000004	50	0.0
0.18419753086419752	0.2646653170626339	0.21721868108930203	0.18101039514571277
-----------------------------------------------------------
1.7000000000000004	100	0.0
0.18419753086419752	0.2646653170626339	0.21721868108930203	0.18051656798521895
-----------------------------------------------------------
1.7000000000000004	500	0.0
0.18419753086419752	0.2646653170626339	0.21721868108930203	0.18106154153019247
-----------------------------------------------------------
1.7000000000000004	1000	0.0
0.18419753086419752	0.2646653170626339	0.21721868108930203	0.18106154153019247
-----------------------------------------------------------
1.7000000000000004	1	0.1
0.1876543209876543	0.267498160145477	0.2205730505195849	0.1851820035833264
-----------------------------------------------------------
1.7000000000000004	10	0.1
0.18814814814814812	0.2704117403923906	0.2219010840842364	0.18610044371658135
-----------------------------------------------------------
1.7000000000000004	50	0.1
0.18864197530864196	0.2715228515035017	0.2226185230361632	0.18674065535679302
-----------------------------------------------------------
1.7000000000000004	100	0.1
0.18864197530864196	0.2715228515035017	0.2226185230361632	0.18674065535679302
-----------------------------------------------------------
1.7000000000000004	500	0.1
0.18864197530864196	0.2715228515035017	0.2226185230361632	0.18618509980123746
-----------------------------------------------------------
1.7000000000000004	1000	0.1
0.18864197530864196	0.2715228515035017	0.2226185230361632	0.18618509980123746
-----------------------------------------------------------
1.7000000000000004	1	0.2
0.1925925925925926	0.26455044119775806	0.2229081559849678	0.19225825914728037
-----------------------------------------------------------
1.7000000000000004	10	0.2
0.19160493827160488	0.2637546197352699	0.2219638821437192	0.18943923112454866
-----------------------------------------------------------
1.7000000000000004	50	0.2
0.1920987654320987	0.26449536047601063	0.22255753776466689	0.18955739690938112
-----------------------------------------------------------
1.7000000000000004	100	0.2
0.1920987654320987	0.26449536047601063	0.22255753776466689	0.18955739690938112
-----------------------------------------------------------
1.7000000000000004	500	0.2
0.19259259259259254	0.2667175826982329	0.22367382002524486	0.19289073024271444
-----------------------------------------------------------
1.7000000000000004	1000	0.2
0.19259259259259254	0.2667175826982329	0.22367382002524486	0.19289073024271444
-----------------------------------------------------------
1.7000000000000004	1	0.30000000000000004
0.19950617283950622	0.276499877563861	0.23177618148598114	0.1996227856163041
-----------------------------------------------------------
1.7000000000000004	10	0.30000000000000004
0.19901234567901235	0.27560244166642517	0.23112760012248995	0.19939321477562222
-----------------------------------------------------------
1.7000000000000004	50	0.30000000000000004
0.1985185185185185	0.2748617009256844	0.230534084120845	0.1979401283558691
-----------------------------------------------------------
1.7000000000000004	100	0.30000000000000004
0.1985185185185185	0.2748617009256844	0.230534084120845	0.1979092641583382
-----------------------------------------------------------
1.7000000000000004	500	0.30000000000000004
0.19901234567901235	0.2757505898145733	0.2311796797882544	0.19818792377033118
-----------------------------------------------------------
1.7000000000000004	1000	0.30000000000000004
0.19901234567901235	0.2757505898145733	0.2311796797882544	0.19818792377033118
-----------------------------------------------------------
1.7000000000000004	1	0.4
0.20049382716049388	0.27736216777909245	0.2327454426289735	0.19735232986198592
-----------------------------------------------------------
1.7000000000000004	10	0.4
0.2	0.27676387718080186	0.2322020525693858	0.19702838316396512
-----------------------------------------------------------
1.7000000000000004	50	0.4
0.19901234567901233	0.27442769484461954	0.23071347835264405	0.19550594538226812
-----------------------------------------------------------
1.7000000000000004	100	0.4
0.19901234567901233	0.27442769484461954	0.23071347835264405	0.19550594538226812
-----------------------------------------------------------
1.7000000000000004	500	0.4
0.19901234567901233	0.27442769484461954	0.23071347835264405	0.19558001945634218
-----------------------------------------------------------
1.7000000000000004	1000	0.4
0.19901234567901233	0.27442769484461954	0.23071347835264405	0.19558001945634218
-----------------------------------------------------------
1.7000000000000004	1	0.5
0.2044444444444445	0.28181883021614706	0.2369757173939948	0.20175015257131665
-----------------------------------------------------------
1.7000000000000004	10	0.5
0.20444444444444454	0.28166498406230095	0.2369213095206252	0.20208609221466367
-----------------------------------------------------------
1.7000000000000004	50	0.5
0.20493827160493838	0.2821588112227948	0.2374275729774966	0.2016142913132332
-----------------------------------------------------------
1.7000000000000004	100	0.5
0.20493827160493838	0.2821588112227948	0.2374275729774966	0.20166720136614322
-----------------------------------------------------------
1.7000000000000004	500	0.5
0.20444444444444454	0.2817143667783504	0.23693877752890893	0.20150259231264528
-----------------------------------------------------------
1.7000000000000004	1000	0.5
0.20444444444444454	0.2817143667783504	0.23693877752890893	0.20150259231264528
-----------------------------------------------------------
1.7000000000000004	1	0.6000000000000001
0.20839506172839514	0.2787923073562909	0.23850757957896407	0.19885486128607827
-----------------------------------------------------------
1.7000000000000004	10	0.6000000000000001
0.20691358024691364	0.27771348494413517	0.23714189974092972	0.19860480249713058
-----------------------------------------------------------
1.7000000000000004	50	0.6000000000000001
0.20691358024691364	0.27771348494413517	0.23714189974092972	0.19862480053749904
-----------------------------------------------------------
1.7000000000000004	100	0.6000000000000001
0.20691358024691364	0.27771348494413517	0.23714189974092972	0.19849252540522389
-----------------------------------------------------------
1.7000000000000004	500	0.6000000000000001
0.20691358024691364	0.27771348494413517	0.23714189974092972	0.19849252540522389
-----------------------------------------------------------
1.7000000000000004	1000	0.6000000000000001
0.20691358024691364	0.27771348494413517	0.23714189974092972	0.19849252540522389
-----------------------------------------------------------
1.7000000000000004	1	0.7000000000000001
0.21086419753086422	0.28104098460496807	0.24094676715825442	0.2016974909716974
-----------------------------------------------------------
1.7000000000000004	10	0.7000000000000001
0.20987654320987656	0.2799650111956613	0.2399065095274224	0.2015462074130064
-----------------------------------------------------------
1.7000000000000004	50	0.7000000000000001
0.20938271604938277	0.27959464082529095	0.2394478372701238	0.20136392248257334
-----------------------------------------------------------
1.7000000000000004	100	0.7000000000000001
0.20938271604938277	0.27959464082529095	0.2394478372701238	0.20166374611573035
-----------------------------------------------------------
1.7000000000000004	500	0.7000000000000001
0.20938271604938277	0.27959464082529095	0.2394478372701238	0.20173429285294373
-----------------------------------------------------------
1.7000000000000004	1000	0.7000000000000001
0.20938271604938277	0.27959464082529095	0.2394478372701238	0.20173429285294373
-----------------------------------------------------------
1.7000000000000004	1	0.8
0.2074074074074075	0.2812528429220896	0.2387504321749094	0.19818871812099328
-----------------------------------------------------------
1.7000000000000004	10	0.8
0.20691358024691367	0.2804449471141937	0.23813215450956307	0.1981104406371602
-----------------------------------------------------------
1.7000000000000004	50	0.8
0.20740740740740748	0.28093877427468755	0.23863720040493644	0.19879631169340164
-----------------------------------------------------------
1.7000000000000004	100	0.8
0.20740740740740748	0.28093877427468755	0.23863720040493644	0.19879631169340164
-----------------------------------------------------------
1.7000000000000004	500	0.8
0.20740740740740748	0.28093877427468755	0.23863720040493644	0.19879631169340164
-----------------------------------------------------------
1.7000000000000004	1000	0.8
0.20740740740740748	0.28093877427468755	0.23863720040493644	0.19879631169340164
-----------------------------------------------------------
1.7000000000000004	1	0.9
0.20691358024691373	0.28270380735344625	0.23894272715935846	0.2026533418717281
-----------------------------------------------------------
1.7000000000000004	10	0.9
0.20592592592592607	0.28078480043443926	0.23759850310994435	0.20350128425855935
-----------------------------------------------------------
1.7000000000000004	50	0.9
0.20543209876543223	0.28052336252594257	0.23717606944183314	0.20343602852663692
-----------------------------------------------------------
1.7000000000000004	100	0.9
0.20543209876543223	0.28052336252594257	0.23717606944183314	0.20344484686878858
-----------------------------------------------------------
1.7000000000000004	500	0.9
0.20543209876543223	0.28052336252594257	0.23717606944183314	0.2037411431650849
-----------------------------------------------------------
1.7000000000000004	1000	0.9
0.20543209876543223	0.28052336252594257	0.23717606944183314	0.2037411431650849
-----------------------------------------------------------
1.7000000000000004	1	1.0
0.20592592592592612	0.28182431212100983	0.23796987841294084	0.20101853321575539
-----------------------------------------------------------
1.7000000000000004	10	1.0
0.20543209876543228	0.28048528078197843	0.23716245736064015	0.20048360278267685
-----------------------------------------------------------
1.7000000000000004	50	1.0
0.20395061728395084	0.2773371326338303	0.23504890538391374	0.20016810209680577
-----------------------------------------------------------
1.7000000000000004	100	1.0
0.20395061728395084	0.2773371326338303	0.23504890538391374	0.20041501567705267
-----------------------------------------------------------
1.7000000000000004	500	1.0
0.20444444444444468	0.2782260215227192	0.23569606350876293	0.20048732608269637
-----------------------------------------------------------
1.7000000000000004	1000	1.0
0.20444444444444468	0.2782260215227192	0.23569606350876293	0.20048732608269637
-----------------------------------------------------------
1.8000000000000005	1	0.0
0.18567901234567902	0.2663338910449333	0.21881062895529707	0.18061498628257897
-----------------------------------------------------------
1.8000000000000005	10	0.0
0.18617283950617283	0.266905319616362	0.21934635440611447	0.18120675023095664
-----------------------------------------------------------
1.8000000000000005	50	0.0
0.18617283950617283	0.266905319616362	0.21934635440611447	0.18015384017804661
-----------------------------------------------------------
1.8000000000000005	100	0.0
0.18617283950617283	0.266905319616362	0.21934635440611447	0.1801912691414015
-----------------------------------------------------------
1.8000000000000005	500	0.0
0.18617283950617283	0.266905319616362	0.21934635440611447	0.1800563485064808
-----------------------------------------------------------
1.8000000000000005	1000	0.0
0.18617283950617283	0.266905319616362	0.21934635440611447	0.1800563485064808
-----------------------------------------------------------
1.8000000000000005	1	0.1
0.1871604938271605	0.26551760983159334	0.21955737012342832	0.18385699168556316
-----------------------------------------------------------
1.8000000000000005	10	0.1
0.1871604938271605	0.2674720257860093	0.2202226821506517	0.1846700036393159
-----------------------------------------------------------
1.8000000000000005	50	0.1
0.18765432098765428	0.26858313689712043	0.22094102670496785	0.18486400716665277
-----------------------------------------------------------
1.8000000000000005	100	0.1
0.18765432098765428	0.26858313689712043	0.22094102670496785	0.1847899330925787
-----------------------------------------------------------
1.8000000000000005	500	0.1
0.18765432098765428	0.26858313689712043	0.22094102670496785	0.18465501245765803
-----------------------------------------------------------
1.8000000000000005	1000	0.1
0.18765432098765428	0.26858313689712043	0.22094102670496785	0.18465501245765803
-----------------------------------------------------------
1.8000000000000005	1	0.2
0.19456790123456794	0.267055901786552	0.22512056779939074	0.19430396055541566
-----------------------------------------------------------
1.8000000000000005	10	0.2
0.19456790123456788	0.2668650185956688	0.22505271882286185	0.19162563408079286
-----------------------------------------------------------
1.8000000000000005	50	0.2
0.1950617283950617	0.2676057593364095	0.22564646675553415	0.19225526371042248
-----------------------------------------------------------
1.8000000000000005	100	0.2
0.1950617283950617	0.2676057593364095	0.22564646675553415	0.19225526371042248
-----------------------------------------------------------
1.8000000000000005	500	0.2
0.1950617283950617	0.2676057593364095	0.22564646675553415	0.19214415259931136
-----------------------------------------------------------
1.8000000000000005	1000	0.2
0.1950617283950617	0.2676057593364095	0.22564646675553415	0.19214415259931136
-----------------------------------------------------------
1.8000000000000005	1	0.30000000000000004
0.20000000000000004	0.277463358527342	0.23244787569302292	0.2013171180818006
-----------------------------------------------------------
1.8000000000000005	10	0.30000000000000004
0.2009876543209876	0.27849469755868106	0.233476772539063	0.20200764326306658
-----------------------------------------------------------
1.8000000000000005	50	0.30000000000000004
0.2009876543209876	0.27849469755868106	0.233476772539063	0.2012808942918731
-----------------------------------------------------------
1.8000000000000005	100	0.30000000000000004
0.2009876543209876	0.27849469755868106	0.233476772539063	0.2012808942918731
-----------------------------------------------------------
1.8000000000000005	500	0.30000000000000004
0.2009876543209876	0.27849469755868106	0.233476772539063	0.2012808942918731
-----------------------------------------------------------
1.8000000000000005	1000	0.30000000000000004
0.2009876543209876	0.27849469755868106	0.233476772539063	0.2012808942918731
-----------------------------------------------------------
1.8000000000000005	1	0.4
0.20148148148148157	0.2793992048161295	0.2341277880986144	0.1975744541026286
-----------------------------------------------------------
1.8000000000000005	10	0.4
0.2	0.27813139854832325	0.2326819777097014	0.19569808725959512
-----------------------------------------------------------
1.8000000000000005	50	0.4
0.1995061728395062	0.275909176326101	0.23156839137285068	0.19561284328546227
-----------------------------------------------------------
1.8000000000000005	100	0.4
0.1995061728395062	0.275909176326101	0.23156839137285068	0.1956498803224993
-----------------------------------------------------------
1.8000000000000005	500	0.4
0.1995061728395062	0.275909176326101	0.23156839137285068	0.19558815192743756
-----------------------------------------------------------
1.8000000000000005	1000	0.4
0.1995061728395062	0.275909176326101	0.23156839137285068	0.19558815192743756
-----------------------------------------------------------
1.8000000000000005	1	0.5
0.20345679012345683	0.281062487793138	0.23604456704547797	0.201654598835419
-----------------------------------------------------------
1.8000000000000005	10	0.5
0.2039506172839507	0.2816493823800326	0.23658387740444475	0.20256906091654775
-----------------------------------------------------------
1.8000000000000005	50	0.5
0.20395061728395067	0.2820938268244771	0.236740531900862	0.20268799095770001
-----------------------------------------------------------
1.8000000000000005	100	0.5
0.20395061728395067	0.2820938268244771	0.236740531900862	0.20149457531983994
-----------------------------------------------------------
1.8000000000000005	500	0.5
0.20395061728395067	0.2820938268244771	0.236740531900862	0.20159157708350836
-----------------------------------------------------------
1.8000000000000005	1000	0.5
0.20395061728395067	0.2820938268244771	0.236740531900862	0.20159157708350836
-----------------------------------------------------------
1.8000000000000005	1	0.6000000000000001
0.2083950617283951	0.27847131970196987	0.23839003912485093	0.1967519736289578
-----------------------------------------------------------
1.8000000000000005	10	0.6000000000000001
0.20691358024691361	0.27791101580833266	0.23721388617175737	0.19653385683491503
-----------------------------------------------------------
1.8000000000000005	50	0.6000000000000001
0.2064197530864198	0.2770221269194438	0.23656551657251074	0.19625050390526586
-----------------------------------------------------------
1.8000000000000005	100	0.6000000000000001
0.2064197530864198	0.2770221269194438	0.23656551657251074	0.19620249293132894
-----------------------------------------------------------
1.8000000000000005	500	0.6000000000000001
0.2064197530864198	0.2770221269194438	0.23656551657251074	0.19620249293132894
-----------------------------------------------------------
1.8000000000000005	1000	0.6000000000000001
0.2064197530864198	0.2770221269194438	0.23656551657251074	0.19620249293132894
-----------------------------------------------------------
1.8000000000000005	1	0.7000000000000001
0.20938271604938272	0.2808688234328069	0.23991389059612367	0.2004019771282999
-----------------------------------------------------------
1.8000000000000005	10	0.7000000000000001
0.20938271604938272	0.2813882916189417	0.24010320024237436	0.2001464411690602
-----------------------------------------------------------
1.8000000000000005	50	0.7000000000000001
0.20938271604938272	0.2813882916189417	0.24010320024237436	0.2004407386411355
-----------------------------------------------------------
1.8000000000000005	100	0.7000000000000001
0.20938271604938272	0.2813882916189417	0.24010320024237436	0.2004407386411355
-----------------------------------------------------------
1.8000000000000005	500	0.7000000000000001
0.20938271604938272	0.2813882916189417	0.24010320024237436	0.2004407386411355
-----------------------------------------------------------
1.8000000000000005	1000	0.7000000000000001
0.20938271604938272	0.2813882916189417	0.24010320024237436	0.2004407386411355
-----------------------------------------------------------
1.8000000000000005	1	0.8
0.20444444444444454	0.2778315975008442	0.23555441970976596	0.19532819489935896
-----------------------------------------------------------
1.8000000000000005	10	0.8
0.20444444444444454	0.27757925724850385	0.2354636788114692	0.1960972131239327
-----------------------------------------------------------
1.8000000000000005	50	0.8
0.20493827160493835	0.2780730844089977	0.23596885079029023	0.19641614316508496
-----------------------------------------------------------
1.8000000000000005	100	0.8
0.20493827160493835	0.2780730844089977	0.23596885079029023	0.19641614316508496
-----------------------------------------------------------
1.8000000000000005	500	0.8
0.20493827160493835	0.2780730844089977	0.23596885079029023	0.19636323311217493
-----------------------------------------------------------
1.8000000000000005	1000	0.8
0.20493827160493835	0.2780730844089977	0.23596885079029023	0.19634951569105008
-----------------------------------------------------------
1.8000000000000005	1	0.9
0.20641975308641988	0.2816263662760051	0.2382284898208509	0.2004516271940875
-----------------------------------------------------------
1.8000000000000005	10	0.9
0.20543209876543223	0.2797073593569982	0.23688392651147416	0.20052531914000163
-----------------------------------------------------------
1.8000000000000005	50	0.9
0.20493827160493838	0.27938989903953787	0.23644167935493243	0.2000049389714733
-----------------------------------------------------------
1.8000000000000005	100	0.9
0.20444444444444457	0.2791284611310411	0.2360192744738483	0.19989519960247468
-----------------------------------------------------------
1.8000000000000005	500	0.9
0.20444444444444457	0.2791284611310411	0.2360192744738483	0.19989519960247468
-----------------------------------------------------------
1.8000000000000005	1000	0.9
0.20444444444444457	0.2791284611310411	0.2360192744738483	0.19994105498166337
-----------------------------------------------------------
1.8000000000000005	1	1.0
0.20641975308641994	0.2830553812468158	0.2387382639420131	0.20287624856526973
-----------------------------------------------------------
1.8000000000000005	10	1.0
0.2059259259259261	0.27960808779952234	0.2371761925995686	0.20287703241790542
-----------------------------------------------------------
1.8000000000000005	50	1.0
0.20543209876543228	0.2795710507624853	0.23683502990897023	0.2030794623610761
-----------------------------------------------------------
1.8000000000000005	100	1.0
0.20543209876543228	0.2795710507624853	0.23683502990897023	0.2031500090982895
-----------------------------------------------------------
1.8000000000000005	500	1.0
0.20543209876543228	0.2795710507624853	0.23683502990897023	0.2031500090982895
-----------------------------------------------------------
1.8000000000000005	1000	1.0
0.20543209876543228	0.2795710507624853	0.23683502990897023	0.2031500090982895
-----------------------------------------------------------
1.9000000000000006	1	0.0
0.18419753086419752	0.2656494273604697	0.21754940297205877	0.18026140715545483
-----------------------------------------------------------
1.9000000000000006	10	0.0
0.1841975308641975	0.26533196704300943	0.21744287490006523	0.1802001098793427
-----------------------------------------------------------
1.9000000000000006	50	0.0
0.1841975308641975	0.26533196704300943	0.21744287490006523	0.1786294161697601
-----------------------------------------------------------
1.9000000000000006	100	0.0
0.1841975308641975	0.26533196704300943	0.21744287490006523	0.1787528729598836
-----------------------------------------------------------
1.9000000000000006	500	0.0
0.18370370370370367	0.2646970464080888	0.21688557734336508	0.17847068601103
-----------------------------------------------------------
1.9000000000000006	1000	0.0
0.18370370370370367	0.2646970464080888	0.21688557734336508	0.17845696858990515
-----------------------------------------------------------
1.9000000000000006	1	0.1
0.1871604938271605	0.26543091874490227	0.21952772610939864	0.18300541418213387
-----------------------------------------------------------
1.9000000000000006	10	0.1
0.18617283950617283	0.26654935586333933	0.21922605499434755	0.18358875731362514
-----------------------------------------------------------
1.9000000000000006	50	0.1
0.18666666666666665	0.26766046697445045	0.21994410401220355	0.1835955180426081
-----------------------------------------------------------
1.9000000000000006	100	0.1
0.18716049382716043	0.26821602253000604	0.22047444883916537	0.18398176142885148
-----------------------------------------------------------
1.9000000000000006	500	0.1
0.18716049382716043	0.26821602253000604	0.22047444883916537	0.1842286750090984
-----------------------------------------------------------
1.9000000000000006	1000	0.1
0.18716049382716043	0.26821602253000604	0.22047444883916537	0.1842286750090984
-----------------------------------------------------------
1.9000000000000006	1	0.2
0.19506172839506172	0.2683806881113383	0.22592149111207083	0.19469633968813874
-----------------------------------------------------------
1.9000000000000006	10	0.2
0.19407407407407404	0.2675202892509395	0.2249540139893259	0.1918273410598808
-----------------------------------------------------------
1.9000000000000006	50	0.2
0.19407407407407404	0.2675202892509395	0.2249540139893259	0.19183145628621825
-----------------------------------------------------------
1.9000000000000006	100	0.2
0.19407407407407404	0.2675202892509395	0.2249540139893259	0.19183145628621825
-----------------------------------------------------------
1.9000000000000006	500	0.2
0.19456790123456785	0.2676342493648996	0.22532579794308508	0.1920509350242155
-----------------------------------------------------------
1.9000000000000006	1000	0.2
0.19456790123456785	0.2676342493648996	0.22532579794308508	0.1920509350242155
-----------------------------------------------------------
1.9000000000000006	1	0.30000000000000004
0.19950617283950617	0.27563074669473014	0.2314702694282995	0.20035898561070525
-----------------------------------------------------------
1.9000000000000006	10	0.30000000000000004
0.19999999999999996	0.2772793696766865	0.2323832851728061	0.1991341472803114
-----------------------------------------------------------
1.9000000000000006	50	0.30000000000000004
0.2004938271604938	0.2783904807877976	0.2331067107933813	0.20077259525209262
-----------------------------------------------------------
1.9000000000000006	100	0.30000000000000004
0.2004938271604938	0.2783904807877976	0.2331067107933813	0.20077259525209262
-----------------------------------------------------------
1.9000000000000006	500	0.30000000000000004
0.2004938271604938	0.2783904807877976	0.2331067107933813	0.2005874100669075
-----------------------------------------------------------
1.9000000000000006	1000	0.30000000000000004
0.2004938271604938	0.2783904807877976	0.2331067107933813	0.2005874100669075
-----------------------------------------------------------
1.9000000000000006	1	0.4
0.20296296296296307	0.2814097868267115	0.23583392817174836	0.1985018791467204
-----------------------------------------------------------
1.9000000000000006	10	0.4
0.20148148148148148	0.2784135854971769	0.23378103060616348	0.1965811756389798
-----------------------------------------------------------
1.9000000000000006	50	0.4
0.20197530864197533	0.2791543262379176	0.2343745930957718	0.19674637258195454
-----------------------------------------------------------
1.9000000000000006	100	0.4
0.20246913580246917	0.28004321512680647	0.23502033738564465	0.19704266887825084
-----------------------------------------------------------
1.9000000000000006	500	0.4
0.20246913580246917	0.28004321512680647	0.23502033738564465	0.19704266887825084
-----------------------------------------------------------
1.9000000000000006	1000	0.4
0.20246913580246917	0.28004321512680647	0.23502033738564465	0.19704266887825084
-----------------------------------------------------------
1.9000000000000006	1	0.5
0.20246913580246914	0.2793343640650143	0.23477034644925251	0.1998778792586994
-----------------------------------------------------------
1.9000000000000006	10	0.5
0.20246913580246914	0.2794768142074644	0.23482064346944398	0.20079251770667123
-----------------------------------------------------------
1.9000000000000006	50	0.5
0.20296296296296298	0.2803657030963533	0.2354664964425956	0.20085659765964003
-----------------------------------------------------------
1.9000000000000006	100	0.5
0.20296296296296298	0.2803657030963533	0.2354664964425956	0.20067141247445486
-----------------------------------------------------------
1.9000000000000006	500	0.5
0.20296296296296298	0.2803657030963533	0.2354664964425956	0.20050165938803513
-----------------------------------------------------------
1.9000000000000006	1000	0.5
0.20296296296296298	0.2803657030963533	0.2354664964425956	0.20050165938803513
-----------------------------------------------------------
1.9000000000000006	1	0.6000000000000001
0.20691358024691361	0.2770853476493311	0.23691259633688402	0.197284406931497
-----------------------------------------------------------
1.9000000000000006	10	0.6000000000000001
0.2054320987654321	0.27647566103964455	0.2357172058317043	0.1974323591164862
-----------------------------------------------------------
1.9000000000000006	50	0.6000000000000001
0.20592592592592596	0.2769694882001384	0.23622174343512714	0.197795714005767
-----------------------------------------------------------
1.9000000000000006	100	0.6000000000000001
0.20592592592592596	0.2769694882001384	0.23622174343512714	0.19761273340611973
-----------------------------------------------------------
1.9000000000000006	500	0.6000000000000001
0.20592592592592596	0.2769694882001384	0.23622174343512714	0.19750162229500862
-----------------------------------------------------------
1.9000000000000006	1000	0.6000000000000001
0.20592592592592596	0.2769694882001384	0.23622174343512714	0.19750162229500862
-----------------------------------------------------------
1.9000000000000006	1	0.7000000000000001
0.21135802469135806	0.2816421242061077	0.24149008139330824	0.19987184779261505
-----------------------------------------------------------
1.9000000000000006	10	0.7000000000000001
0.21037037037037037	0.2815538051177885	0.24081182106180912	0.1988471564345903
-----------------------------------------------------------
1.9000000000000006	50	0.7000000000000001
0.21037037037037037	0.2815538051177885	0.24081182106180912	0.199933341031886
-----------------------------------------------------------
1.9000000000000006	100	0.7000000000000001
0.21037037037037037	0.2815538051177885	0.24081182106180912	0.1999639112846785
-----------------------------------------------------------
1.9000000000000006	500	0.7000000000000001
0.21037037037037037	0.2815538051177885	0.24081182106180912	0.1999639112846785
-----------------------------------------------------------
1.9000000000000006	1000	0.7000000000000001
0.21037037037037037	0.2815538051177885	0.24081182106180912	0.1999639112846785
-----------------------------------------------------------
1.9000000000000006	1	0.8
0.2054320987654322	0.27884570684828686	0.23657437167486509	0.19691860250272947
-----------------------------------------------------------
1.9000000000000006	10	0.8
0.2054320987654322	0.2785933665959466	0.23648350798734397	0.1977760980935584
-----------------------------------------------------------
1.9000000000000006	50	0.8
0.205925925925926	0.27908719375644037	0.2369885945600856	0.1978010833963215
-----------------------------------------------------------
1.9000000000000006	100	0.8
0.205925925925926	0.27908719375644037	0.2369885945600856	0.1977834467120181
-----------------------------------------------------------
1.9000000000000006	500	0.8
0.205925925925926	0.27908719375644037	0.2369885945600856	0.1977834467120181
-----------------------------------------------------------
1.9000000000000006	1000	0.8
0.205925925925926	0.27908719375644037	0.2369885945600856	0.1977834467120181
-----------------------------------------------------------
1.9000000000000006	1	0.9
0.20543209876543223	0.2798741968767769	0.23694373706239413	0.20029760015117157
-----------------------------------------------------------
1.9000000000000006	10	0.9
0.20493827160493838	0.27821662786626666	0.23602051809500538	0.2005107198846616
-----------------------------------------------------------
1.9000000000000006	50	0.9
0.20444444444444454	0.27789916754880634	0.2355787016077837	0.2008673728339072
-----------------------------------------------------------
1.9000000000000006	100	0.9
0.20395061728395072	0.27567694532658416	0.23445059272361266	0.20041234637888072
-----------------------------------------------------------
1.9000000000000006	500	0.9
0.20395061728395072	0.27567694532658416	0.23445059272361266	0.20039862895775593
-----------------------------------------------------------
1.9000000000000006	1000	0.9
0.20395061728395072	0.27567694532658416	0.23445059272361266	0.20039862895775593
-----------------------------------------------------------
1.9000000000000006	1	1.0
0.20592592592592604	0.281302134493569	0.23778352363635652	0.20209889000867842
-----------------------------------------------------------
1.9000000000000006	10	1.0
0.20592592592592607	0.2793363225277571	0.23707836760255155	0.20249718512919573
-----------------------------------------------------------
1.9000000000000006	50	1.0
0.2049382716049384	0.2781881743796089	0.2360102789327072	0.20238705383387925
-----------------------------------------------------------
1.9000000000000006	100	1.0
0.2049382716049384	0.2781881743796089	0.2360102789327072	0.20238705383387925
-----------------------------------------------------------
1.9000000000000006	500	1.0
0.2049382716049384	0.2781881743796089	0.2360102789327072	0.20239939951289163
-----------------------------------------------------------
1.9000000000000006	1000	1.0
0.2049382716049384	0.2781881743796089	0.2360102789327072	0.2023788233812044
-----------------------------------------------------------
2.000000000000001	1	0.0
0.18271604938271604	0.2613108030218454	0.21505761343313842	0.18004954158618186
-----------------------------------------------------------
2.000000000000001	10	0.0
0.18370370370370367	0.26385048556152796	0.21660086123313474	0.1792042055093643
-----------------------------------------------------------
2.000000000000001	50	0.0
0.18320987654320983	0.2632155649266073	0.2160436510772443	0.17846258293440842
-----------------------------------------------------------
2.000000000000001	100	0.0
0.18320987654320983	0.2632155649266073	0.2160436510772443	0.1784361279079534
-----------------------------------------------------------
2.000000000000001	500	0.0
0.18320987654320983	0.2632155649266073	0.2160436510772443	0.1783873330813808
-----------------------------------------------------------
2.000000000000001	1000	0.0
0.18320987654320983	0.2632155649266073	0.2160436510772443	0.17835646888384996
-----------------------------------------------------------
2.000000000000001	1	0.1
0.18765432098765428	0.2640199840006342	0.219381489173244	0.18329979563842003
-----------------------------------------------------------
2.000000000000001	10	0.1
0.1866666666666666	0.2651384211190713	0.21908786161802177	0.1839597995576832
-----------------------------------------------------------
2.000000000000001	50	0.1
0.18716049382716043	0.26606434704499726	0.21974406560292215	0.1844302287170013
-----------------------------------------------------------
2.000000000000001	100	0.1
0.18716049382716043	0.26606434704499726	0.21974406560292215	0.1844302287170013
-----------------------------------------------------------
2.000000000000001	500	0.1
0.18716049382716043	0.26606434704499726	0.21974406560292215	0.18430059908737165
-----------------------------------------------------------
2.000000000000001	1000	0.1
0.18716049382716043	0.26606434704499726	0.21974406560292215	0.18430059908737165
-----------------------------------------------------------
2.000000000000001	1	0.2
0.1930864197530864	0.26423606730005084	0.22312655794979194	0.19068477786176205
-----------------------------------------------------------
2.000000000000001	10	0.2
0.1920987654320987	0.263375668439652	0.22216017844091265	0.18799097029758408
-----------------------------------------------------------
2.000000000000001	50	0.2
0.1920987654320987	0.263375668439652	0.22216017844091265	0.18789984742868346
-----------------------------------------------------------
2.000000000000001	100	0.2
0.1920987654320987	0.263375668439652	0.22216017844091265	0.18789984742868346
-----------------------------------------------------------
2.000000000000001	500	0.2
0.1920987654320987	0.263375668439652	0.22216017844091265	0.18789984742868346
-----------------------------------------------------------
2.000000000000001	1000	0.2
0.1920987654320987	0.263375668439652	0.22216017844091265	0.18789984742868346
-----------------------------------------------------------
2.000000000000001	1	0.30000000000000004
0.19753086419753085	0.27084116590514934	0.22844869515279298	0.19592786666106776
-----------------------------------------------------------
2.000000000000001	10	0.30000000000000004
0.19802469135802464	0.2724897888871057	0.22936470016595567	0.19471948923602364
-----------------------------------------------------------
2.000000000000001	50	0.30000000000000004
0.19802469135802464	0.2724897888871057	0.22936470016595567	0.1942468260966938
-----------------------------------------------------------
2.000000000000001	100	0.30000000000000004
0.19851851851851848	0.2736008999982168	0.2300894358618889	0.19614806066459503
-----------------------------------------------------------
2.000000000000001	500	0.30000000000000004
0.19851851851851848	0.2736008999982168	0.2300894358618889	0.19605587959463622
-----------------------------------------------------------
2.000000000000001	1000	0.30000000000000004
0.19851851851851848	0.2736008999982168	0.2300894358618889	0.19605587959463622
-----------------------------------------------------------
2.000000000000001	1	0.4
0.20246913580246922	0.2789444496947077	0.23463252125822698	0.19916649939811315
-----------------------------------------------------------
2.000000000000001	10	0.4
0.20098765432098767	0.2763433100935681	0.23271732958336394	0.19693284272556752
-----------------------------------------------------------
2.000000000000001	50	0.4
0.20197530864197533	0.2779729397231978	0.23395718386700995	0.1975909849948209
-----------------------------------------------------------
2.000000000000001	100	0.4
0.20197530864197533	0.2779729397231978	0.23395718386700995	0.1975909849948209
-----------------------------------------------------------
2.000000000000001	500	0.4
0.20197530864197533	0.2779729397231978	0.23395718386700995	0.19766505906889498
-----------------------------------------------------------
2.000000000000001	1000	0.4
0.20197530864197533	0.2779729397231978	0.23395718386700995	0.19766505906889498
-----------------------------------------------------------
2.000000000000001	1	0.5
0.20296296296296296	0.278088942819593	0.23465973265436044	0.20009915105960083
-----------------------------------------------------------
2.000000000000001	10	0.5
0.20296296296296296	0.2787784015090517	0.2349048454345158	0.20080832213543864
-----------------------------------------------------------
2.000000000000001	50	0.5
0.20296296296296296	0.2787784015090517	0.2349048454345158	0.20039239033061793
-----------------------------------------------------------
2.000000000000001	100	0.5
0.2024691358024691	0.2776672903979406	0.23417950923814448	0.19886461255284016
-----------------------------------------------------------
2.000000000000001	500	0.5
0.2024691358024691	0.2776672903979406	0.23417950923814448	0.19886461255284016
-----------------------------------------------------------
2.000000000000001	1000	0.5
0.2024691358024691	0.2776672903979406	0.23417950923814448	0.19886461255284016
-----------------------------------------------------------
2.000000000000001	1	0.6000000000000001
0.20888888888888896	0.27909389465787815	0.23894127217776934	0.19865512023739543
-----------------------------------------------------------
2.000000000000001	10	0.6000000000000001
0.20740740740740746	0.2784842080481916	0.23774720846344216	0.1981452240978697
-----------------------------------------------------------
2.000000000000001	50	0.6000000000000001
0.2079012345679013	0.2789780352086854	0.23825158119312584	0.1986912166512696
-----------------------------------------------------------
2.000000000000001	100	0.6000000000000001
0.2079012345679013	0.2789780352086854	0.23825158119312584	0.1986747557459198
-----------------------------------------------------------
2.000000000000001	500	0.6000000000000001
0.2079012345679013	0.2789780352086854	0.23825158119312584	0.1986747557459198
-----------------------------------------------------------
2.000000000000001	1000	0.6000000000000001
0.2079012345679013	0.2789780352086854	0.23825158119312584	0.1986747557459198
-----------------------------------------------------------
2.000000000000001	1	0.7000000000000001
0.20888888888888896	0.276503947567931	0.23798704077494093	0.19676992245457856
-----------------------------------------------------------
2.000000000000001	10	0.7000000000000001
0.2083950617283951	0.27692180131911803	0.2378204438125455	0.19645618543713783
-----------------------------------------------------------
2.000000000000001	50	0.7000000000000001
0.20888888888888893	0.2774156284796119	0.23832409662609666	0.19715955600347138
-----------------------------------------------------------
2.000000000000001	100	0.7000000000000001
0.20888888888888893	0.2774156284796119	0.23832409662609666	0.19708665770835085
-----------------------------------------------------------
2.000000000000001	500	0.7000000000000001
0.20888888888888893	0.2774156284796119	0.23832409662609666	0.19705138433974415
-----------------------------------------------------------
2.000000000000001	1000	0.7000000000000001
0.20888888888888893	0.2774156284796119	0.23832409662609666	0.19705138433974415
-----------------------------------------------------------
2.000000000000001	1	0.8
0.2054320987654322	0.27884570684828686	0.23657437167486509	0.19717242378432853
-----------------------------------------------------------
2.000000000000001	10	0.8
0.20493827160493835	0.27748225548483546	0.23575586297354945	0.19759341143864953
-----------------------------------------------------------
2.000000000000001	50	0.8
0.20493827160493835	0.27748225548483546	0.23575586297354945	0.19719482237339378
-----------------------------------------------------------
2.000000000000001	100	0.8
0.20493827160493835	0.27748225548483546	0.23575586297354945	0.19719482237339378
-----------------------------------------------------------
2.000000000000001	500	0.8
0.20493827160493835	0.27748225548483546	0.23575586297354945	0.19719482237339378
-----------------------------------------------------------
2.000000000000001	1000	0.8
0.20493827160493835	0.27748225548483546	0.23575586297354945	0.19719482237339378
-----------------------------------------------------------
2.000000000000001	1	0.9
0.2064197530864199	0.28064817598408937	0.23787781429724786	0.2013229822793315
-----------------------------------------------------------
2.000000000000001	10	0.9
0.20543209876543223	0.27867314665611886	0.2365122457505396	0.20137026818958031
-----------------------------------------------------------
2.000000000000001	50	0.9
0.2049382716049384	0.27645092443389657	0.23538282580193035	0.2018411676604798
-----------------------------------------------------------
2.000000000000001	100	0.9
0.2049382716049384	0.27645092443389657	0.23538282580193035	0.2018411676604798
-----------------------------------------------------------
2.000000000000001	500	0.9
0.2049382716049384	0.27645092443389657	0.23538282580193035	0.2018411676604798
-----------------------------------------------------------
2.000000000000001	1000	0.9
0.2049382716049384	0.27645092443389657	0.23538282580193035	0.20196462445060326
-----------------------------------------------------------
2.000000000000001	1	1.0
0.20592592592592604	0.2839232171146516	0.23871492767461724	0.20369403012233694
-----------------------------------------------------------
2.000000000000001	10	1.0
0.20592592592592604	0.28195740514883966	0.23801731286469596	0.20372714789619542
-----------------------------------------------------------
2.000000000000001	50	1.0
0.20444444444444457	0.28069529688673145	0.23657758431710024	0.20328466308334026
-----------------------------------------------------------
2.000000000000001	100	1.0
0.20444444444444457	0.28069529688673145	0.23657758431710024	0.20333816102572708
-----------------------------------------------------------
2.000000000000001	500	1.0
0.20444444444444457	0.28069529688673145	0.23657758431710024	0.20335050670473942
-----------------------------------------------------------
2.000000000000001	1000	1.0
0.20444444444444457	0.28069529688673145	0.23657758431710024	0.20335050670473942
-----------------------------------------------------------
Best f-measure = 0.24418917767343568 at k1 = 1.5000000000000002, k2 = 1, b = 0.8
Best map10 = 0.20454547325102881 at k1 = 1.2, k2 = 1, b = 0.8
