1.2	0.0
0.1851851851851852	0.26752255423359655	0.2188662107282144	0.18521632443100705
-----------------------------------------------------------
1.2	0.1
0.1891358024691358	0.2691295860906284	0.2221509260972653	0.18891577643403043
-----------------------------------------------------------
1.2	0.2
0.19308641975308638	0.272370036997746	0.22597583309522498	0.1997928627418047
-----------------------------------------------------------
1.2	0.30000000000000004
0.19851851851851854	0.2750714510521012	0.23060782726927914	0.20111728185101208
-----------------------------------------------------------
1.2	0.4
0.20000000000000007	0.27880857939217063	0.23291861624209625	0.19840171887685118
-----------------------------------------------------------
1.2	0.5
0.2034567901234568	0.2807164696137864	0.23592245417851038	0.19868823521178022
-----------------------------------------------------------
1.2	0.6000000000000001
0.20148148148148146	0.2750455726095561	0.23258528122816188	0.19653640995492844
-----------------------------------------------------------
1.2	0.7000000000000001
0.2049382716049383	0.28092958547396113	0.23699128415640852	0.20100899260938948
-----------------------------------------------------------
1.2	0.8
0.2074074074074075	0.28330022717793624	0.23948502731797647	0.20272345679012355
-----------------------------------------------------------
1.2	0.9
0.2074074074074076	0.28425014554684325	0.23982377729701995	0.20153330463872798
-----------------------------------------------------------
1.2	1.0
0.20543209876543225	0.28129600890643214	0.23745178703731765	0.19937241678564435
-----------------------------------------------------------
1.3	0.0
0.18716049382716057	0.2686990814101237	0.2206374747813349	0.1834447096945775
-----------------------------------------------------------
1.3	0.1
0.188641975308642	0.268048457342833	0.22144186458215248	0.18980032683855436
-----------------------------------------------------------
1.3	0.2
0.19259259259259254	0.27144411107182	0.22531892275969861	0.19852381932196753
-----------------------------------------------------------
1.3	0.30000000000000004
0.19851851851851857	0.27421243352641694	0.23030540237546196	0.2003314905797711
-----------------------------------------------------------
1.3	0.4
0.20197530864197533	0.280224126807718	0.2347508119669777	0.20037928809383837
-----------------------------------------------------------
1.3	0.5
0.20296296296296296	0.27913242402974076	0.23503043326555526	0.19857910472831106
-----------------------------------------------------------
1.3	0.6000000000000001
0.20246913580246917	0.27647414403812753	0.23375411398927096	0.19744706335208978
-----------------------------------------------------------
1.3	0.7000000000000001
0.20641975308641977	0.28014314968752535	0.23769621340908972	0.198798108255648
-----------------------------------------------------------
1.3	0.8
0.20691358024691367	0.2815627424404515	0.2385342027715046	0.19978937529744406
-----------------------------------------------------------
1.3	0.9
0.20987654320987673	0.2862159575126553	0.2421726419438806	0.20232568307158258
-----------------------------------------------------------
1.3	1.0
0.20592592592592607	0.28120931781974107	0.2377503573987435	0.20039806556367404
-----------------------------------------------------------
1.4000000000000001	0.0
0.18666666666666673	0.2680641607752031	0.2200802774960369	0.18313589275216272
-----------------------------------------------------------
1.4000000000000001	0.1
0.18765432098765436	0.26823878988610667	0.22082442913933725	0.18837520086223788
-----------------------------------------------------------
1.4000000000000001	0.2
0.19111111111111104	0.2691033080839582	0.22349856965173462	0.19787952394949754
-----------------------------------------------------------
1.4000000000000001	0.30000000000000004
0.20000000000000007	0.2752060232700067	0.2316519655001408	0.20052372064051968
-----------------------------------------------------------
1.4000000000000001	0.4
0.20148148148148157	0.27983279591638716	0.2342798829619278	0.20128098457489998
-----------------------------------------------------------
1.4000000000000001	0.5
0.2039506172839506	0.2797315286288454	0.2359045849417069	0.19939056017468715
-----------------------------------------------------------
1.4000000000000001	0.6000000000000001
0.20592592592592596	0.28029088285486636	0.23742148991194545	0.19986745611824983
-----------------------------------------------------------
1.4000000000000001	0.7000000000000001
0.20790123456790127	0.2818803630914054	0.23930370502779094	0.19958529226505417
-----------------------------------------------------------
1.4000000000000001	0.8
0.20839506172839514	0.28264226785331015	0.23990539744308131	0.20080356862909773
-----------------------------------------------------------
1.4000000000000001	0.9
0.208888888888889	0.2854625997592975	0.24124521378953487	0.20379489585957844
-----------------------------------------------------------
1.4000000000000001	1.0
0.2049382716049384	0.2821298090931735	0.2374173046236751	0.20086702010022114
-----------------------------------------------------------
1.5000000000000002	0.0
0.1861728395061729	0.26651432789203694	0.21921420692313598	0.18095296184317367
-----------------------------------------------------------
1.5000000000000002	0.1
0.18765432098765436	0.26603420434818786	0.22007375187413014	0.1848662145516644
-----------------------------------------------------------
1.5000000000000002	0.2
0.1911111111111111	0.2691033080839582	0.22349856965173462	0.1966444241482602
-----------------------------------------------------------
1.5000000000000002	0.30000000000000004
0.19851851851851857	0.2727900688540523	0.22980222209557294	0.19672771408975118
-----------------------------------------------------------
1.5000000000000002	0.4
0.19901234567901235	0.27548711690404154	0.2310870366047054	0.1973402844265278
-----------------------------------------------------------
1.5000000000000002	0.5
0.2049382716049383	0.28123770146835164	0.23710085089038757	0.20222699672461575
-----------------------------------------------------------
1.5000000000000002	0.6000000000000001
0.20592592592592593	0.27858338048069725	0.23680676434692274	0.19996900772654744
-----------------------------------------------------------
1.5000000000000002	0.7000000000000001
0.20691358024691361	0.2776859445832614	0.2371318585097834	0.19697538142829155
-----------------------------------------------------------
1.5000000000000002	0.8
0.20987654320987664	0.2846980189286691	0.24162761551295012	0.20205090213039956
-----------------------------------------------------------
1.5000000000000002	0.9
0.20691358024691367	0.28286242651206533	0.2389993653394413	0.20204348492483418
-----------------------------------------------------------
1.5000000000000002	1.0
0.20395061728395075	0.28029399059068827	0.23610436325912335	0.19990555625542392
-----------------------------------------------------------
1.6000000000000003	0.0
0.1861728395061729	0.2664085077862168	0.21917840255630153	0.1806739334005209
-----------------------------------------------------------
1.6000000000000003	0.1
0.18814814814814815	0.2662568582375084	0.22048936127527888	0.185015055569553
-----------------------------------------------------------
1.6000000000000003	0.2
0.1896296296296296	0.26310667508732527	0.22040565702406023	0.1931850865037374
-----------------------------------------------------------
1.6000000000000003	0.30000000000000004
0.19802469135802472	0.27192912732644414	0.22916584297926768	0.19893578287281996
-----------------------------------------------------------
1.6000000000000003	0.4
0.20000000000000007	0.2765080095916009	0.23211195113264663	0.19720814576859552
-----------------------------------------------------------
1.6000000000000003	0.5
0.2049382716049383	0.28160074583139605	0.2372297721873849	0.20213596483861043
-----------------------------------------------------------
1.6000000000000003	0.6000000000000001
0.20691358024691361	0.27948081637813316	0.23778389195428457	0.20063964964586664
-----------------------------------------------------------
1.6000000000000003	0.7000000000000001
0.2088888888888889	0.27942790632522313	0.23906359743875363	0.19881639161837575
-----------------------------------------------------------
1.6000000000000003	0.8
0.20790123456790133	0.28171956138880805	0.2392457391447867	0.1996252309565802
-----------------------------------------------------------
1.6000000000000003	0.9
0.20592592592592607	0.2815692425718226	0.2378788990567484	0.20091821057641168
-----------------------------------------------------------
1.6000000000000003	1.0
0.20592592592592612	0.28098700128369897	0.23767086548344696	0.19853689076453626
-----------------------------------------------------------
1.7000000000000004	0.0
0.1851851851851852	0.2662949466922635	0.2184542598232064	0.1810194640407605
-----------------------------------------------------------
1.7000000000000004	0.1
0.18814814814814815	0.267819147799798	0.2210232055892874	0.18456155062848192
-----------------------------------------------------------
1.7000000000000004	0.2
0.1916049382716049	0.2631278391084893	0.22174162883262546	0.192943365947202
-----------------------------------------------------------
1.7000000000000004	0.30000000000000004
0.19950617283950622	0.27470690510422197	0.23114387113732104	0.1997370811287478
-----------------------------------------------------------
1.7000000000000004	0.4
0.20098765432098767	0.27739920481612945	0.23309091552834943	0.197333713361888
-----------------------------------------------------------
1.7000000000000004	0.5
0.20493827160493833	0.2814816982123484	0.23718751819227404	0.20151392878138916
-----------------------------------------------------------
1.7000000000000004	0.6000000000000001
0.20839506172839511	0.2791104460077628	0.23862392404521157	0.1979629839590158
-----------------------------------------------------------
1.7000000000000004	0.7000000000000001
0.20987654320987656	0.28018981108712787	0.23998900752103397	0.20039374807536184
-----------------------------------------------------------
1.7000000000000004	0.8
0.20641975308641983	0.28078085811677145	0.23792546261681455	0.19708074242042492
-----------------------------------------------------------
1.7000000000000004	0.9
0.20641975308641988	0.2830691500717301	0.2387431612328529	0.20256246395677607
-----------------------------------------------------------
1.7000000000000004	1.0
0.2059259259259261	0.2814596397563375	0.23783977617993954	0.19788007544581615
-----------------------------------------------------------
1.8000000000000005	0.0
0.18617283950617286	0.26720161591265823	0.21944634489449516	0.1812280570252793
-----------------------------------------------------------
1.8000000000000005	0.1
0.1871604938271605	0.2641102024241859	0.2190746987168435	0.1827827664399094
-----------------------------------------------------------
1.8000000000000005	0.2
0.1940740740740741	0.2656826824133326	0.2243017415592724	0.19514875773354615
-----------------------------------------------------------
1.8000000000000005	0.30000000000000004
0.19901234567901235	0.2740065684038852	0.23056452199269703	0.2015901927437642
-----------------------------------------------------------
1.8000000000000005	0.4
0.2014814814814815	0.2788806862976109	0.23394554192975128	0.19717194577419436
-----------------------------------------------------------
1.8000000000000005	0.5
0.20395061728395064	0.2807253557893393	0.23625726374447195	0.20136785574312038
-----------------------------------------------------------
1.8000000000000005	0.6000000000000001
0.20740740740740743	0.2780487176127011	0.23758836558346402	0.19582619467540102
-----------------------------------------------------------
1.8000000000000005	0.7000000000000001
0.2088888888888889	0.28013161002892684	0.2393207683158176	0.19960700358332628
-----------------------------------------------------------
1.8000000000000005	0.8
0.20444444444444454	0.2784583781276248	0.23577939807426612	0.19455188684527305
-----------------------------------------------------------
1.8000000000000005	0.9
0.20543209876543223	0.2812509682535483	0.23743573838324253	0.19909766873827714
-----------------------------------------------------------
1.8000000000000005	1.0
0.2064197530864199	0.2824627886542232	0.2385272293934284	0.19982391660367846
-----------------------------------------------------------
1.9000000000000006	0.0
0.18419753086419752	0.26562826333930567	0.21754230577853284	0.17986139315808636
-----------------------------------------------------------
1.9000000000000006	0.1
0.18617283950617283	0.263187532501516	0.21808051310582408	0.18158923322415402
-----------------------------------------------------------
1.9000000000000006	0.2
0.19407407407407407	0.2655658732965235	0.22426010298073829	0.19494442904733916
-----------------------------------------------------------
1.9000000000000006	0.30000000000000004
0.1985185185185185	0.27390235163300175	0.23019596508292342	0.19909350452115007
-----------------------------------------------------------
1.9000000000000006	0.4
0.20296296296296304	0.280891268308193	0.23565165044224365	0.19796658128271882
-----------------------------------------------------------
1.9000000000000006	0.5
0.20296296296296296	0.27899723206121557	0.23498249632324475	0.19961075697768824
-----------------------------------------------------------
1.9000000000000006	0.6000000000000001
0.20592592592592593	0.27678972968704657	0.236156340528103	0.19668030150331747
-----------------------------------------------------------
1.9000000000000006	0.7000000000000001
0.20987654320987656	0.2806057655030823	0.24014145677581772	0.19912900044791576
-----------------------------------------------------------
1.9000000000000006	0.8
0.20444444444444454	0.27725026525284524	0.2353452313699419	0.19622361915959796
-----------------------------------------------------------
1.9000000000000006	0.9
0.20493827160493838	0.27976023676281675	0.23657419363238197	0.1997129930573052
-----------------------------------------------------------
1.9000000000000006	1.0
0.20641975308641988	0.2821910233824579	0.2384302769201053	0.19993456510176086
-----------------------------------------------------------
2.000000000000001	0.0
0.18320987654320986	0.26148011519115755	0.21545679243121998	0.17950608255647948
-----------------------------------------------------------
2.000000000000001	0.1
0.18666666666666665	0.26188770886835905	0.21797003137966153	0.1817188880490469
-----------------------------------------------------------
2.000000000000001	0.2
0.19209876543209875	0.261421252485236	0.22146188867579564	0.1913646720416562
-----------------------------------------------------------
2.000000000000001	0.30000000000000004
0.19604938271604935	0.26837203010268024	0.22657943577816705	0.19460418451331155
-----------------------------------------------------------
2.000000000000001	0.4
0.20296296296296304	0.27916287324646455	0.23504122636872946	0.20065319839870102
-----------------------------------------------------------
2.000000000000001	0.5
0.20296296296296296	0.27740993047391393	0.2344176460145485	0.1998128488844098
-----------------------------------------------------------
2.000000000000001	0.6000000000000001
0.20839506172839514	0.2792921038560873	0.23869028890103158	0.19769739928893373
-----------------------------------------------------------
2.000000000000001	0.7000000000000001
0.20790123456790127	0.27602314442046116	0.23716743766574327	0.19585835083004396
-----------------------------------------------------------
2.000000000000001	0.8
0.20444444444444454	0.27725026525284524	0.2353452313699419	0.1966361705999272
-----------------------------------------------------------
2.000000000000001	0.9
0.20592592592592607	0.2805342158701292	0.23750874200575023	0.19983640575571796
-----------------------------------------------------------
2.000000000000001	1.0
0.2054320987654322	0.2825898837813183	0.2379115490336116	0.20080895271688917
-----------------------------------------------------------
Best f-measure = 0.2421726419438806 at k1 = 1.3, b = 0.9
Best map10 = 0.20379489585957844 at k1 = 1.4000000000000001, b = 0.9
